Vivado Simulator 2017.4
Copyright 1986-1999, 2001-2016 Xilinx, Inc. All Rights Reserved.
Running: C:/Xilinx/Vivado/2017.4/bin/unwrapped/win64.o/xelab.exe -wto f64c1ef13fc44ad580fbc680ab965668 --incr --debug typical --relax --mt 2 --maxdelay -L xil_defaultlib -L simprims_ver -L secureip --snapshot dds_fir_tb_time_impl -transport_int_delays -pulse_r 0 -pulse_int_r 0 -pulse_e 0 -pulse_int_e 0 xil_defaultlib.dds_fir_tb xil_defaultlib.glbl -log elaborate.log 
Using 2 slave threads.
Starting static elaboration
Completed static elaboration
Starting simulation data flow analysis
Completed simulation data flow analysis
Time Resolution for simulation is 1ps
Compiling package std.standard
Compiling package std.textio
Compiling package ieee.std_logic_1164
Compiling package ieee.numeric_std
Compiling package ieee.std_logic_textio
Compiling package vl.vl_types
Compiling module xil_defaultlib.glbl
Compiling module simprims_ver.FDRE_default
Compiling module simprims_ver.x_lut2_mux4
Compiling module simprims_ver.LUT2
Compiling module simprims_ver.CARRY4
Compiling module xil_defaultlib.dds_compiler_0_xbip_pipe_v3_0_4_...
Compiling module xil_defaultlib.dds_compiler_0_pipe_add
Compiling module xil_defaultlib.dds_compiler_0_accum
Compiling module simprims_ver.x_lut3_mux8
Compiling module simprims_ver.LUT3
Compiling module simprims_ver.SRL16E_default
Compiling module xil_defaultlib.dds_compiler_0_xbip_pipe_v3_0_4_...
Compiling module simprims_ver.RB36_INTERNAL_VLOG(DOA_REG=1,RDA...
Compiling module simprims_ver.RAMB36E1(DOA_REG=1,INIT_00=256'b...
Compiling module simprims_ver.RB36_INTERNAL_VLOG(DOA_REG=1,RDA...
Compiling module simprims_ver.RAMB36E1(DOA_REG=1,INIT_00=256'b...
Compiling module simprims_ver.RB36_INTERNAL_VLOG(DOA_REG=1,RDA...
Compiling module simprims_ver.RAMB36E1(DOA_REG=1,INIT_00=256'b...
Compiling module simprims_ver.RB36_INTERNAL_VLOG(DOA_REG=1,RDA...
Compiling module simprims_ver.RAMB36E1(DOA_REG=1,INIT_00=256'b...
Compiling module simprims_ver.RB36_INTERNAL_VLOG(DOA_REG=1,RDA...
Compiling module simprims_ver.RAMB36E1(DOA_REG=1,INIT_01=256'b...
Compiling module simprims_ver.RB36_INTERNAL_VLOG(DOA_REG=1,RDA...
Compiling module simprims_ver.RAMB36E1(DOA_REG=1,INIT_05=256'b...
Compiling module simprims_ver.RB36_INTERNAL_VLOG(DOA_REG=1,RDA...
Compiling module simprims_ver.RAMB36E1(DOA_REG=1,INIT_14=256'b...
Compiling module simprims_ver.RB18_INTERNAL_VLOG(DOA_REG=1,RDA...
Compiling module simprims_ver.RAMB18E1(DOA_REG=1,INIT_3F=256'b...
Compiling module xil_defaultlib.dds_compiler_0_xbip_pipe_v3_0_4_...
Compiling module xil_defaultlib.dds_compiler_0_xbip_pipe_v3_0_4_...
Compiling module xil_defaultlib.dds_compiler_0_xbip_pipe_v3_0_4_...
Compiling module xil_defaultlib.dds_compiler_0_xbip_pipe_v3_0_4_...
Compiling module simprims_ver.LUT4
Compiling module simprims_ver.LUT5
Compiling module simprims_ver.LUT6
Compiling module xil_defaultlib.dds_compiler_0_xbip_pipe_v3_0_4_...
Compiling module xil_defaultlib.dds_compiler_0_sin_cos
Compiling module xil_defaultlib.dds_compiler_0_dds_compiler_v6_0...
Compiling module xil_defaultlib.dds_compiler_0_xbip_pipe_v3_0_4_...
Compiling module xil_defaultlib.dds_compiler_0_dds_compiler_v6_0...
Compiling module xil_defaultlib.dds_compiler_0_dds_compiler_v6_0...
Compiling module xil_defaultlib.dds_compiler_0
Compiling module simprims_ver.FDRE_default_1
Compiling module xil_defaultlib.fir_compiler_0_cntrl_delay__para...
Compiling module xil_defaultlib.fir_compiler_0_cntrl_delay__para...
Compiling module xil_defaultlib.fir_compiler_0_delay__parameteri...
Compiling module xil_defaultlib.fir_compiler_0_buff
Compiling module simprims_ver.SRLC32E_default
Compiling module simprims_ver.SRL16E_default_1
Compiling module xil_defaultlib.fir_compiler_0_delay__parameteri...
Compiling module xil_defaultlib.fir_compiler_0_delay__parameteri...
Compiling module xil_defaultlib.fir_compiler_0_buff_1
Compiling module xil_defaultlib.fir_compiler_0_delay__parameteri...
Compiling module xil_defaultlib.fir_compiler_0_delay__parameteri...
Compiling module xil_defaultlib.fir_compiler_0_buff_2
Compiling module xil_defaultlib.fir_compiler_0_delay__parameteri...
Compiling module xil_defaultlib.fir_compiler_0_delay__parameteri...
Compiling module xil_defaultlib.fir_compiler_0_buff_3
Compiling module xil_defaultlib.fir_compiler_0_delay__parameteri...
Compiling module xil_defaultlib.fir_compiler_0_delay__parameteri...
Compiling module xil_defaultlib.fir_compiler_0_buff_4
Compiling module xil_defaultlib.fir_compiler_0_delay__parameteri...
Compiling module xil_defaultlib.fir_compiler_0_delay__parameteri...
Compiling module xil_defaultlib.fir_compiler_0_buff_5
Compiling module xil_defaultlib.fir_compiler_0_delay__parameteri...
Compiling module xil_defaultlib.fir_compiler_0_delay__parameteri...
Compiling module xil_defaultlib.fir_compiler_0_buff_6
Compiling module xil_defaultlib.fir_compiler_0_delay__parameteri...
Compiling module xil_defaultlib.fir_compiler_0_delay__parameteri...
Compiling module xil_defaultlib.fir_compiler_0_buff_7
Compiling module xil_defaultlib.fir_compiler_0_delay__parameteri...
Compiling module xil_defaultlib.fir_compiler_0_delay__parameteri...
Compiling module xil_defaultlib.fir_compiler_0_buff_8
Compiling module xil_defaultlib.fir_compiler_0_delay__parameteri...
Compiling module xil_defaultlib.fir_compiler_0_delay__parameteri...
Compiling module xil_defaultlib.fir_compiler_0_buff_9
Compiling module xil_defaultlib.fir_compiler_0_delay__parameteri...
Compiling module xil_defaultlib.fir_compiler_0_delay__parameteri...
Compiling module xil_defaultlib.fir_compiler_0_buff_10
Compiling module xil_defaultlib.fir_compiler_0_delay__parameteri...
Compiling module xil_defaultlib.fir_compiler_0_delay__parameteri...
Compiling module xil_defaultlib.fir_compiler_0_buff_11
Compiling module xil_defaultlib.fir_compiler_0_delay__parameteri...
Compiling module xil_defaultlib.fir_compiler_0_delay__parameteri...
Compiling module xil_defaultlib.fir_compiler_0_buff_12
Compiling module xil_defaultlib.fir_compiler_0_delay__parameteri...
Compiling module xil_defaultlib.fir_compiler_0_delay__parameteri...
Compiling module xil_defaultlib.fir_compiler_0_buff_13
Compiling module xil_defaultlib.fir_compiler_0_delay__parameteri...
Compiling module xil_defaultlib.fir_compiler_0_delay__parameteri...
Compiling module xil_defaultlib.fir_compiler_0_buff_14
Compiling module xil_defaultlib.fir_compiler_0_delay__parameteri...
Compiling module xil_defaultlib.fir_compiler_0_delay__parameteri...
Compiling module xil_defaultlib.fir_compiler_0_buff_15
Compiling module xil_defaultlib.fir_compiler_0_delay__parameteri...
Compiling module xil_defaultlib.fir_compiler_0_delay__parameteri...
Compiling module xil_defaultlib.fir_compiler_0_buff_16
Compiling module xil_defaultlib.fir_compiler_0_delay__parameteri...
Compiling module xil_defaultlib.fir_compiler_0_delay__parameteri...
Compiling module xil_defaultlib.fir_compiler_0_buff_17
Compiling module xil_defaultlib.fir_compiler_0_delay__parameteri...
Compiling module xil_defaultlib.fir_compiler_0_delay__parameteri...
Compiling module xil_defaultlib.fir_compiler_0_buff_18
Compiling module xil_defaultlib.fir_compiler_0_delay__parameteri...
Compiling module xil_defaultlib.fir_compiler_0_delay__parameteri...
Compiling module xil_defaultlib.fir_compiler_0_buff_19
Compiling module xil_defaultlib.fir_compiler_0_delay__parameteri...
Compiling module xil_defaultlib.fir_compiler_0_delay__parameteri...
Compiling module xil_defaultlib.fir_compiler_0_buff_20
Compiling module xil_defaultlib.fir_compiler_0_delay__parameteri...
Compiling module xil_defaultlib.fir_compiler_0_delay__parameteri...
Compiling module xil_defaultlib.fir_compiler_0_buff_21
Compiling module xil_defaultlib.fir_compiler_0_delay__parameteri...
Compiling module xil_defaultlib.fir_compiler_0_delay__parameteri...
Compiling module xil_defaultlib.fir_compiler_0_buff_22
Compiling module xil_defaultlib.fir_compiler_0_delay__parameteri...
Compiling module xil_defaultlib.fir_compiler_0_delay__parameteri...
Compiling module xil_defaultlib.fir_compiler_0_buff_23
Compiling module xil_defaultlib.fir_compiler_0_delay__parameteri...
Compiling module xil_defaultlib.fir_compiler_0_delay__parameteri...
Compiling module xil_defaultlib.fir_compiler_0_buff_24
Compiling module xil_defaultlib.fir_compiler_0_delay__parameteri...
Compiling module xil_defaultlib.fir_compiler_0_delay__parameteri...
Compiling module xil_defaultlib.fir_compiler_0_buff_25
Compiling module xil_defaultlib.fir_compiler_0_delay__parameteri...
Compiling module xil_defaultlib.fir_compiler_0_delay__parameteri...
Compiling module xil_defaultlib.fir_compiler_0_buff_26
Compiling module xil_defaultlib.fir_compiler_0_delay__parameteri...
Compiling module xil_defaultlib.fir_compiler_0_delay__parameteri...
Compiling module xil_defaultlib.fir_compiler_0_buff_27
Compiling module xil_defaultlib.fir_compiler_0_delay__parameteri...
Compiling module xil_defaultlib.fir_compiler_0_delay__parameteri...
Compiling module xil_defaultlib.fir_compiler_0_buff_28
Compiling module xil_defaultlib.fir_compiler_0_delay__parameteri...
Compiling module xil_defaultlib.fir_compiler_0_delay__parameteri...
Compiling module xil_defaultlib.fir_compiler_0_buff_29
Compiling module xil_defaultlib.fir_compiler_0_delay__parameteri...
Compiling module xil_defaultlib.fir_compiler_0_delay__parameteri...
Compiling module xil_defaultlib.fir_compiler_0_buff_30
Compiling module xil_defaultlib.fir_compiler_0_delay__parameteri...
Compiling module xil_defaultlib.fir_compiler_0_delay__parameteri...
Compiling module xil_defaultlib.fir_compiler_0_buff_31
Compiling module xil_defaultlib.fir_compiler_0_delay__parameteri...
Compiling module xil_defaultlib.fir_compiler_0_delay__parameteri...
Compiling module xil_defaultlib.fir_compiler_0_buff_32
Compiling module xil_defaultlib.fir_compiler_0_delay__parameteri...
Compiling module xil_defaultlib.fir_compiler_0_delay__parameteri...
Compiling module xil_defaultlib.fir_compiler_0_buff_33
Compiling module xil_defaultlib.fir_compiler_0_delay__parameteri...
Compiling module xil_defaultlib.fir_compiler_0_delay__parameteri...
Compiling module xil_defaultlib.fir_compiler_0_buff_34
Compiling module xil_defaultlib.fir_compiler_0_delay__parameteri...
Compiling module xil_defaultlib.fir_compiler_0_delay__parameteri...
Compiling module xil_defaultlib.fir_compiler_0_buff_35
Compiling module xil_defaultlib.fir_compiler_0_delay__parameteri...
Compiling module xil_defaultlib.fir_compiler_0_delay__parameteri...
Compiling module xil_defaultlib.fir_compiler_0_buff_36
Compiling module xil_defaultlib.fir_compiler_0_delay__parameteri...
Compiling module xil_defaultlib.fir_compiler_0_delay__parameteri...
Compiling module xil_defaultlib.fir_compiler_0_buff_37
Compiling module xil_defaultlib.fir_compiler_0_delay__parameteri...
Compiling module xil_defaultlib.fir_compiler_0_delay__parameteri...
Compiling module xil_defaultlib.fir_compiler_0_buff_38
Compiling module xil_defaultlib.fir_compiler_0_delay__parameteri...
Compiling module xil_defaultlib.fir_compiler_0_delay__parameteri...
Compiling module xil_defaultlib.fir_compiler_0_buff_39
Compiling module xil_defaultlib.fir_compiler_0_delay__parameteri...
Compiling module xil_defaultlib.fir_compiler_0_delay__parameteri...
Compiling module xil_defaultlib.fir_compiler_0_buff_40
Compiling module xil_defaultlib.fir_compiler_0_delay__parameteri...
Compiling module xil_defaultlib.fir_compiler_0_delay__parameteri...
Compiling module xil_defaultlib.fir_compiler_0_buff_41
Compiling module xil_defaultlib.fir_compiler_0_delay__parameteri...
Compiling module xil_defaultlib.fir_compiler_0_delay__parameteri...
Compiling module xil_defaultlib.fir_compiler_0_buff_42
Compiling module xil_defaultlib.fir_compiler_0_delay__parameteri...
Compiling module xil_defaultlib.fir_compiler_0_delay__parameteri...
Compiling module xil_defaultlib.fir_compiler_0_buff_43
Compiling module xil_defaultlib.fir_compiler_0_delay__parameteri...
Compiling module xil_defaultlib.fir_compiler_0_delay__parameteri...
Compiling module xil_defaultlib.fir_compiler_0_buff_44
Compiling module xil_defaultlib.fir_compiler_0_delay__parameteri...
Compiling module xil_defaultlib.fir_compiler_0_delay__parameteri...
Compiling module xil_defaultlib.fir_compiler_0_buff_45
Compiling module xil_defaultlib.fir_compiler_0_delay__parameteri...
Compiling module xil_defaultlib.fir_compiler_0_delay__parameteri...
Compiling module xil_defaultlib.fir_compiler_0_buff_46
Compiling module xil_defaultlib.fir_compiler_0_delay__parameteri...
Compiling module xil_defaultlib.fir_compiler_0_delay__parameteri...
Compiling module xil_defaultlib.fir_compiler_0_buff_47
Compiling module xil_defaultlib.fir_compiler_0_delay__parameteri...
Compiling module xil_defaultlib.fir_compiler_0_delay__parameteri...
Compiling module xil_defaultlib.fir_compiler_0_buff_48
Compiling module xil_defaultlib.fir_compiler_0_delay__parameteri...
Compiling module xil_defaultlib.fir_compiler_0_delay__parameteri...
Compiling module xil_defaultlib.fir_compiler_0_buff_49
Compiling module xil_defaultlib.fir_compiler_0_delay__parameteri...
Compiling module xil_defaultlib.fir_compiler_0_delay__parameteri...
Compiling module xil_defaultlib.fir_compiler_0_buff_50
Compiling module xil_defaultlib.fir_compiler_0_delay__parameteri...
Compiling module xil_defaultlib.fir_compiler_0_delay__parameteri...
Compiling module xil_defaultlib.fir_compiler_0_buff_51
Compiling module xil_defaultlib.fir_compiler_0_delay__parameteri...
Compiling module xil_defaultlib.fir_compiler_0_delay__parameteri...
Compiling module xil_defaultlib.fir_compiler_0_buff_52
Compiling module xil_defaultlib.fir_compiler_0_delay__parameteri...
Compiling module xil_defaultlib.fir_compiler_0_delay__parameteri...
Compiling module xil_defaultlib.fir_compiler_0_buff_53
Compiling module xil_defaultlib.fir_compiler_0_delay__parameteri...
Compiling module xil_defaultlib.fir_compiler_0_delay__parameteri...
Compiling module xil_defaultlib.fir_compiler_0_buff_54
Compiling module xil_defaultlib.fir_compiler_0_delay__parameteri...
Compiling module xil_defaultlib.fir_compiler_0_delay__parameteri...
Compiling module xil_defaultlib.fir_compiler_0_buff_55
Compiling module xil_defaultlib.fir_compiler_0_delay__parameteri...
Compiling module xil_defaultlib.fir_compiler_0_delay__parameteri...
Compiling module xil_defaultlib.fir_compiler_0_buff_56
Compiling module xil_defaultlib.fir_compiler_0_delay__parameteri...
Compiling module xil_defaultlib.fir_compiler_0_delay__parameteri...
Compiling module xil_defaultlib.fir_compiler_0_buff_57
Compiling module xil_defaultlib.fir_compiler_0_delay__parameteri...
Compiling module xil_defaultlib.fir_compiler_0_delay__parameteri...
Compiling module xil_defaultlib.fir_compiler_0_buff_58
Compiling module xil_defaultlib.fir_compiler_0_delay__parameteri...
Compiling module xil_defaultlib.fir_compiler_0_delay__parameteri...
Compiling module xil_defaultlib.fir_compiler_0_buff_59
Compiling module xil_defaultlib.fir_compiler_0_delay
Compiling module xil_defaultlib.fir_compiler_0_delay__parameteri...
Compiling module xil_defaultlib.fir_compiler_0_buff_60
Compiling module xil_defaultlib.fir_compiler_0_delay__parameteri...
Compiling module xil_defaultlib.fir_compiler_0_delay__parameteri...
Compiling module xil_defaultlib.fir_compiler_0_buff_61
Compiling module xil_defaultlib.fir_compiler_0_delay__parameteri...
Compiling module xil_defaultlib.fir_compiler_0_delay__parameteri...
Compiling module xil_defaultlib.fir_compiler_0_buff_62
Compiling module xil_defaultlib.fir_compiler_0_delay__parameteri...
Compiling module xil_defaultlib.fir_compiler_0_delay__parameteri...
Compiling module xil_defaultlib.fir_compiler_0_buff_63
Compiling module xil_defaultlib.fir_compiler_0_delay__parameteri...
Compiling module xil_defaultlib.fir_compiler_0_delay__parameteri...
Compiling module xil_defaultlib.fir_compiler_0_buff__parameteriz...
Compiling module xil_defaultlib.fir_compiler_0_delay__parameteri...
Compiling module xil_defaultlib.fir_compiler_0_buff__parameteriz...
Compiling module xil_defaultlib.fir_compiler_0_delay__parameteri...
Compiling module xil_defaultlib.fir_compiler_0_buff__parameteriz...
Compiling module xil_defaultlib.fir_compiler_0_delay__parameteri...
Compiling module xil_defaultlib.fir_compiler_0_buff__parameteriz...
Compiling module xil_defaultlib.fir_compiler_0_delay__parameteri...
Compiling module xil_defaultlib.fir_compiler_0_buff__parameteriz...
Compiling module xil_defaultlib.fir_compiler_0_delay__parameteri...
Compiling module xil_defaultlib.fir_compiler_0_buff__parameteriz...
Compiling module xil_defaultlib.fir_compiler_0_delay__parameteri...
Compiling module xil_defaultlib.fir_compiler_0_buff__parameteriz...
Compiling module xil_defaultlib.fir_compiler_0_delay__parameteri...
Compiling module xil_defaultlib.fir_compiler_0_buff__parameteriz...
Compiling module xil_defaultlib.fir_compiler_0_delay__parameteri...
Compiling module xil_defaultlib.fir_compiler_0_buff__parameteriz...
Compiling module xil_defaultlib.fir_compiler_0_delay__parameteri...
Compiling module xil_defaultlib.fir_compiler_0_buff__parameteriz...
Compiling module xil_defaultlib.fir_compiler_0_delay__parameteri...
Compiling module xil_defaultlib.fir_compiler_0_buff__parameteriz...
Compiling module xil_defaultlib.fir_compiler_0_delay__parameteri...
Compiling module xil_defaultlib.fir_compiler_0_buff__parameteriz...
Compiling module xil_defaultlib.fir_compiler_0_delay__parameteri...
Compiling module xil_defaultlib.fir_compiler_0_buff__parameteriz...
Compiling module xil_defaultlib.fir_compiler_0_delay__parameteri...
Compiling module xil_defaultlib.fir_compiler_0_buff__parameteriz...
Compiling module xil_defaultlib.fir_compiler_0_delay__parameteri...
Compiling module xil_defaultlib.fir_compiler_0_buff__parameteriz...
Compiling module xil_defaultlib.fir_compiler_0_delay__parameteri...
Compiling module xil_defaultlib.fir_compiler_0_buff__parameteriz...
Compiling module xil_defaultlib.fir_compiler_0_delay__parameteri...
Compiling module xil_defaultlib.fir_compiler_0_delay__parameteri...
Compiling module xil_defaultlib.fir_compiler_0_buff__parameteriz...
Compiling module xil_defaultlib.fir_compiler_0_delay__parameteri...
Compiling module xil_defaultlib.fir_compiler_0_buff__parameteriz...
Compiling module xil_defaultlib.fir_compiler_0_delay__parameteri...
Compiling module xil_defaultlib.fir_compiler_0_buff__parameteriz...
Compiling module xil_defaultlib.fir_compiler_0_delay__parameteri...
Compiling module xil_defaultlib.fir_compiler_0_buff__parameteriz...
Compiling module xil_defaultlib.fir_compiler_0_delay__parameteri...
Compiling module xil_defaultlib.fir_compiler_0_buff__parameteriz...
Compiling module xil_defaultlib.fir_compiler_0_delay__parameteri...
Compiling module xil_defaultlib.fir_compiler_0_buff__parameteriz...
Compiling module xil_defaultlib.fir_compiler_0_delay__parameteri...
Compiling module xil_defaultlib.fir_compiler_0_buff__parameteriz...
Compiling module xil_defaultlib.fir_compiler_0_delay__parameteri...
Compiling module xil_defaultlib.fir_compiler_0_buff__parameteriz...
Compiling module xil_defaultlib.fir_compiler_0_delay__parameteri...
Compiling module xil_defaultlib.fir_compiler_0_buff__parameteriz...
Compiling module xil_defaultlib.fir_compiler_0_delay__parameteri...
Compiling module xil_defaultlib.fir_compiler_0_buff__parameteriz...
Compiling module xil_defaultlib.fir_compiler_0_delay__parameteri...
Compiling module xil_defaultlib.fir_compiler_0_buff__parameteriz...
Compiling module xil_defaultlib.fir_compiler_0_delay__parameteri...
Compiling module xil_defaultlib.fir_compiler_0_buff__parameteriz...
Compiling module xil_defaultlib.fir_compiler_0_delay__parameteri...
Compiling module xil_defaultlib.fir_compiler_0_buff__parameteriz...
Compiling module xil_defaultlib.fir_compiler_0_delay__parameteri...
Compiling module xil_defaultlib.fir_compiler_0_buff__parameteriz...
Compiling module xil_defaultlib.fir_compiler_0_delay__parameteri...
Compiling module xil_defaultlib.fir_compiler_0_buff__parameteriz...
Compiling module xil_defaultlib.fir_compiler_0_delay__parameteri...
Compiling module xil_defaultlib.fir_compiler_0_buff__parameteriz...
Compiling module xil_defaultlib.fir_compiler_0_delay__parameteri...
Compiling module xil_defaultlib.fir_compiler_0_buff__parameteriz...
Compiling module xil_defaultlib.fir_compiler_0_delay__parameteri...
Compiling module xil_defaultlib.fir_compiler_0_buff__parameteriz...
Compiling module xil_defaultlib.fir_compiler_0_delay__parameteri...
Compiling module xil_defaultlib.fir_compiler_0_buff__parameteriz...
Compiling module xil_defaultlib.fir_compiler_0_delay__parameteri...
Compiling module xil_defaultlib.fir_compiler_0_buff__parameteriz...
Compiling module xil_defaultlib.fir_compiler_0_delay__parameteri...
Compiling module xil_defaultlib.fir_compiler_0_buff__parameteriz...
Compiling module xil_defaultlib.fir_compiler_0_delay__parameteri...
Compiling module xil_defaultlib.fir_compiler_0_buff__parameteriz...
Compiling module xil_defaultlib.fir_compiler_0_delay__parameteri...
Compiling module xil_defaultlib.fir_compiler_0_delay__parameteri...
Compiling module xil_defaultlib.fir_compiler_0_buff__parameteriz...
Compiling module xil_defaultlib.fir_compiler_0_delay__parameteri...
Compiling module xil_defaultlib.fir_compiler_0_buff__parameteriz...
Compiling module xil_defaultlib.fir_compiler_0_delay__parameteri...
Compiling module xil_defaultlib.fir_compiler_0_buff__parameteriz...
Compiling module xil_defaultlib.fir_compiler_0_delay__parameteri...
Compiling module xil_defaultlib.fir_compiler_0_buff__parameteriz...
Compiling module xil_defaultlib.fir_compiler_0_delay__parameteri...
Compiling module xil_defaultlib.fir_compiler_0_buff__parameteriz...
Compiling module xil_defaultlib.fir_compiler_0_delay__parameteri...
Compiling module xil_defaultlib.fir_compiler_0_buff__parameteriz...
Compiling module xil_defaultlib.fir_compiler_0_delay__parameteri...
Compiling module xil_defaultlib.fir_compiler_0_buff__parameteriz...
Compiling module xil_defaultlib.fir_compiler_0_delay__parameteri...
Compiling module xil_defaultlib.fir_compiler_0_buff__parameteriz...
Compiling module xil_defaultlib.fir_compiler_0_delay__parameteri...
Compiling module xil_defaultlib.fir_compiler_0_buff__parameteriz...
Compiling module xil_defaultlib.fir_compiler_0_delay__parameteri...
Compiling module xil_defaultlib.fir_compiler_0_buff__parameteriz...
Compiling module xil_defaultlib.fir_compiler_0_delay__parameteri...
Compiling module xil_defaultlib.fir_compiler_0_buff__parameteriz...
Compiling module xil_defaultlib.fir_compiler_0_delay__parameteri...
Compiling module xil_defaultlib.fir_compiler_0_buff__parameteriz...
Compiling module xil_defaultlib.fir_compiler_0_delay__parameteri...
Compiling module xil_defaultlib.fir_compiler_0_buff__parameteriz...
Compiling module xil_defaultlib.fir_compiler_0_delay__parameteri...
Compiling module xil_defaultlib.fir_compiler_0_buff__parameteriz...
Compiling module xil_defaultlib.fir_compiler_0_delay__parameteri...
Compiling module xil_defaultlib.fir_compiler_0_buff__parameteriz...
Compiling module xil_defaultlib.fir_compiler_0_delay__parameteri...
Compiling module xil_defaultlib.fir_compiler_0_buff__parameteriz...
Compiling module xil_defaultlib.fir_compiler_0_delay__parameteri...
Compiling module xil_defaultlib.fir_compiler_0_buff__parameteriz...
Compiling module xil_defaultlib.fir_compiler_0_delay__parameteri...
Compiling module xil_defaultlib.fir_compiler_0_buff__parameteriz...
Compiling module xil_defaultlib.fir_compiler_0_delay__parameteri...
Compiling module xil_defaultlib.fir_compiler_0_buff__parameteriz...
Compiling module xil_defaultlib.fir_compiler_0_delay__parameteri...
Compiling module xil_defaultlib.fir_compiler_0_buff__parameteriz...
Compiling module xil_defaultlib.fir_compiler_0_delay__parameteri...
Compiling module xil_defaultlib.fir_compiler_0_buff__parameteriz...
Compiling module xil_defaultlib.fir_compiler_0_delay__parameteri...
Compiling module xil_defaultlib.fir_compiler_0_buff__parameteriz...
Compiling module xil_defaultlib.fir_compiler_0_delay__parameteri...
Compiling module xil_defaultlib.fir_compiler_0_buff__parameteriz...
Compiling module xil_defaultlib.fir_compiler_0_delay__parameteri...
Compiling module xil_defaultlib.fir_compiler_0_buff__parameteriz...
Compiling module xil_defaultlib.fir_compiler_0_delay__parameteri...
Compiling module xil_defaultlib.fir_compiler_0_buff__parameteriz...
Compiling module xil_defaultlib.fir_compiler_0_delay__parameteri...
Compiling module xil_defaultlib.fir_compiler_0_buff__parameteriz...
Compiling module simprims_ver.DSP48E1(MASK=48'b111111111111111...
Compiling module xil_defaultlib.fir_compiler_0_calc_253
Compiling module xil_defaultlib.fir_compiler_0_addsub_mult_add
Compiling module xil_defaultlib.fir_compiler_0_calc_252
Compiling module xil_defaultlib.fir_compiler_0_addsub_mult_add_1...
Compiling module xil_defaultlib.fir_compiler_0_calc_251
Compiling module xil_defaultlib.fir_compiler_0_addsub_mult_add_1...
Compiling module xil_defaultlib.fir_compiler_0_calc_250
Compiling module xil_defaultlib.fir_compiler_0_addsub_mult_add_1...
Compiling module xil_defaultlib.fir_compiler_0_calc_249
Compiling module xil_defaultlib.fir_compiler_0_addsub_mult_add_1...
Compiling module xil_defaultlib.fir_compiler_0_calc_248
Compiling module xil_defaultlib.fir_compiler_0_addsub_mult_add_1...
Compiling module xil_defaultlib.fir_compiler_0_calc_247
Compiling module xil_defaultlib.fir_compiler_0_addsub_mult_add_1...
Compiling module xil_defaultlib.fir_compiler_0_calc_246
Compiling module xil_defaultlib.fir_compiler_0_addsub_mult_add_1...
Compiling module xil_defaultlib.fir_compiler_0_calc_245
Compiling module xil_defaultlib.fir_compiler_0_addsub_mult_add_1...
Compiling module xil_defaultlib.fir_compiler_0_calc_244
Compiling module xil_defaultlib.fir_compiler_0_addsub_mult_add_1...
Compiling module xil_defaultlib.fir_compiler_0_calc_243
Compiling module xil_defaultlib.fir_compiler_0_addsub_mult_add_1...
Compiling module xil_defaultlib.fir_compiler_0_calc_242
Compiling module xil_defaultlib.fir_compiler_0_addsub_mult_add_1...
Compiling module xil_defaultlib.fir_compiler_0_calc_241
Compiling module xil_defaultlib.fir_compiler_0_addsub_mult_add_1...
Compiling module xil_defaultlib.fir_compiler_0_calc_240
Compiling module xil_defaultlib.fir_compiler_0_addsub_mult_add_1...
Compiling module xil_defaultlib.fir_compiler_0_calc_239
Compiling module xil_defaultlib.fir_compiler_0_addsub_mult_add_1...
Compiling module xil_defaultlib.fir_compiler_0_calc_238
Compiling module xil_defaultlib.fir_compiler_0_addsub_mult_add_1...
Compiling module xil_defaultlib.fir_compiler_0_delay__parameteri...
Compiling module xil_defaultlib.fir_compiler_0_calc_237
Compiling module xil_defaultlib.fir_compiler_0_addsub_mult_add__...
Compiling module xil_defaultlib.fir_compiler_0_calc_235
Compiling module xil_defaultlib.fir_compiler_0_addsub_mult_add_1...
Compiling module xil_defaultlib.fir_compiler_0_calc_234
Compiling module xil_defaultlib.fir_compiler_0_addsub_mult_add_1...
Compiling module xil_defaultlib.fir_compiler_0_calc_233
Compiling module xil_defaultlib.fir_compiler_0_addsub_mult_add_1...
Compiling module xil_defaultlib.fir_compiler_0_calc_232
Compiling module xil_defaultlib.fir_compiler_0_addsub_mult_add_1...
Compiling module xil_defaultlib.fir_compiler_0_calc_231
Compiling module xil_defaultlib.fir_compiler_0_addsub_mult_add_1...
Compiling module xil_defaultlib.fir_compiler_0_calc_230
Compiling module xil_defaultlib.fir_compiler_0_addsub_mult_add_1...
Compiling module xil_defaultlib.fir_compiler_0_calc_229
Compiling module xil_defaultlib.fir_compiler_0_addsub_mult_add_1...
Compiling module xil_defaultlib.fir_compiler_0_calc_228
Compiling module xil_defaultlib.fir_compiler_0_addsub_mult_add_1...
Compiling module xil_defaultlib.fir_compiler_0_calc_227
Compiling module xil_defaultlib.fir_compiler_0_addsub_mult_add_1...
Compiling module xil_defaultlib.fir_compiler_0_calc_226
Compiling module xil_defaultlib.fir_compiler_0_addsub_mult_add_1...
Compiling module xil_defaultlib.fir_compiler_0_calc_225
Compiling module xil_defaultlib.fir_compiler_0_addsub_mult_add_1...
Compiling module xil_defaultlib.fir_compiler_0_calc_224
Compiling module xil_defaultlib.fir_compiler_0_addsub_mult_add_1...
Compiling module xil_defaultlib.fir_compiler_0_calc_223
Compiling module xil_defaultlib.fir_compiler_0_addsub_mult_add_1...
Compiling module xil_defaultlib.fir_compiler_0_calc_222
Compiling module xil_defaultlib.fir_compiler_0_addsub_mult_add_1...
Compiling module xil_defaultlib.fir_compiler_0_calc_221
Compiling module xil_defaultlib.fir_compiler_0_addsub_mult_add_1...
Compiling module xil_defaultlib.fir_compiler_0_calc_220
Compiling module xil_defaultlib.fir_compiler_0_addsub_mult_add_1...
Compiling module xil_defaultlib.fir_compiler_0_calc_219
Compiling module xil_defaultlib.fir_compiler_0_addsub_mult_add_1...
Compiling module xil_defaultlib.fir_compiler_0_calc_218
Compiling module xil_defaultlib.fir_compiler_0_addsub_mult_add_1...
Compiling module xil_defaultlib.fir_compiler_0_calc_217
Compiling module xil_defaultlib.fir_compiler_0_addsub_mult_add_1...
Compiling module xil_defaultlib.fir_compiler_0_calc_216
Compiling module xil_defaultlib.fir_compiler_0_addsub_mult_add_1...
Compiling module xil_defaultlib.fir_compiler_0_calc_215
Compiling module xil_defaultlib.fir_compiler_0_addsub_mult_add_1...
Compiling module xil_defaultlib.fir_compiler_0_delay__parameteri...
Compiling module xil_defaultlib.fir_compiler_0_calc_214
Compiling module xil_defaultlib.fir_compiler_0_addsub_mult_add__...
Compiling module xil_defaultlib.fir_compiler_0_calc_213
Compiling module xil_defaultlib.fir_compiler_0_addsub_mult_add_1...
Compiling module xil_defaultlib.fir_compiler_0_calc_212
Compiling module xil_defaultlib.fir_compiler_0_addsub_mult_add_1...
Compiling module xil_defaultlib.fir_compiler_0_calc_211
Compiling module xil_defaultlib.fir_compiler_0_addsub_mult_add_1...
Compiling module xil_defaultlib.fir_compiler_0_calc_210
Compiling module xil_defaultlib.fir_compiler_0_addsub_mult_add_1...
Compiling module xil_defaultlib.fir_compiler_0_calc_209
Compiling module xil_defaultlib.fir_compiler_0_addsub_mult_add_1...
Compiling module xil_defaultlib.fir_compiler_0_calc_208
Compiling module xil_defaultlib.fir_compiler_0_addsub_mult_add_1...
Compiling module xil_defaultlib.fir_compiler_0_calc_207
Compiling module xil_defaultlib.fir_compiler_0_addsub_mult_add_1...
Compiling module xil_defaultlib.fir_compiler_0_calc_206
Compiling module xil_defaultlib.fir_compiler_0_addsub_mult_add_1...
Compiling module xil_defaultlib.fir_compiler_0_calc_205
Compiling module xil_defaultlib.fir_compiler_0_addsub_mult_add_1...
Compiling module xil_defaultlib.fir_compiler_0_calc_204
Compiling module xil_defaultlib.fir_compiler_0_addsub_mult_add_1...
Compiling module xil_defaultlib.fir_compiler_0_calc_203
Compiling module xil_defaultlib.fir_compiler_0_addsub_mult_add_1...
Compiling module xil_defaultlib.fir_compiler_0_calc_202
Compiling module xil_defaultlib.fir_compiler_0_addsub_mult_add_1...
Compiling module xil_defaultlib.fir_compiler_0_calc_201
Compiling module xil_defaultlib.fir_compiler_0_addsub_mult_add_1...
Compiling module xil_defaultlib.fir_compiler_0_calc_200
Compiling module xil_defaultlib.fir_compiler_0_addsub_mult_add_1...
Compiling module xil_defaultlib.fir_compiler_0_calc_199
Compiling module xil_defaultlib.fir_compiler_0_addsub_mult_add_1...
Compiling module xil_defaultlib.fir_compiler_0_calc_198
Compiling module xil_defaultlib.fir_compiler_0_addsub_mult_add_1...
Compiling module xil_defaultlib.fir_compiler_0_calc_197
Compiling module xil_defaultlib.fir_compiler_0_addsub_mult_add_1...
Compiling module xil_defaultlib.fir_compiler_0_calc_196
Compiling module xil_defaultlib.fir_compiler_0_addsub_mult_add_1...
Compiling module xil_defaultlib.fir_compiler_0_calc_195
Compiling module xil_defaultlib.fir_compiler_0_addsub_mult_add_1...
Compiling module xil_defaultlib.fir_compiler_0_calc_194
Compiling module xil_defaultlib.fir_compiler_0_addsub_mult_add_1...
Compiling module xil_defaultlib.fir_compiler_0_calc_193
Compiling module xil_defaultlib.fir_compiler_0_addsub_mult_add_1...
Compiling module xil_defaultlib.fir_compiler_0_calc_192
Compiling module xil_defaultlib.fir_compiler_0_addsub_mult_add__...
Compiling module xil_defaultlib.fir_compiler_0_calc_191
Compiling module xil_defaultlib.fir_compiler_0_addsub_mult_add_1...
Compiling module xil_defaultlib.fir_compiler_0_calc_190
Compiling module xil_defaultlib.fir_compiler_0_addsub_mult_add_1...
Compiling module xil_defaultlib.fir_compiler_0_calc_189
Compiling module xil_defaultlib.fir_compiler_0_addsub_mult_add_1...
Compiling module xil_defaultlib.fir_compiler_0_calc
Compiling module xil_defaultlib.fir_compiler_0_addsub_mult_add_1...
Compiling module xil_defaultlib.fir_compiler_0_delay__parameteri...
Compiling module xil_defaultlib.fir_compiler_0_delay_188
Compiling module xil_defaultlib.fir_compiler_0_delay__parameteri...
Compiling module simprims_ver.FDRE(INIT=1'b1)
Compiling module xil_defaultlib.fir_compiler_0_glb_srl_fifo
Compiling module xil_defaultlib.fir_compiler_0_glb_ifx_slave
Compiling module xil_defaultlib.fir_compiler_0_single_rate
Compiling module xil_defaultlib.fir_compiler_0_fir_compiler_v7_2...
Compiling module xil_defaultlib.fir_compiler_0_fir_compiler_v7_2...
Compiling module xil_defaultlib.fir_compiler_0
Compiling module simprims_ver.FDRE_default_2
Compiling module simprims_ver.SRL16E_default_2
Compiling module xil_defaultlib.fir_compiler_1_glb_srl_fifo
Compiling module xil_defaultlib.fir_compiler_1_glb_ifx_slave
Compiling module simprims_ver.x_lut1_mux2
Compiling module simprims_ver.LUT1
Compiling module xil_defaultlib.fir_compiler_1_delay__parameteri...
Compiling module xil_defaultlib.fir_compiler_1_delay__parameteri...
Compiling module xil_defaultlib.fir_compiler_1_delay__parameteri...
Compiling module xil_defaultlib.fir_compiler_1_buff__parameteriz...
Compiling module xil_defaultlib.fir_compiler_1_delay__parameteri...
Compiling module xil_defaultlib.fir_compiler_1_buff__parameteriz...
Compiling module xil_defaultlib.fir_compiler_1_delay__parameteri...
Compiling module xil_defaultlib.fir_compiler_1_buff__parameteriz...
Compiling module xil_defaultlib.fir_compiler_1_delay__parameteri...
Compiling module xil_defaultlib.fir_compiler_1_buff__parameteriz...
Compiling module xil_defaultlib.fir_compiler_1_delay__parameteri...
Compiling module xil_defaultlib.fir_compiler_1_buff__parameteriz...
Compiling module xil_defaultlib.fir_compiler_1_delay__parameteri...
Compiling module xil_defaultlib.fir_compiler_1_buff__parameteriz...
Compiling module xil_defaultlib.fir_compiler_1_delay__parameteri...
Compiling module xil_defaultlib.fir_compiler_1_buff__parameteriz...
Compiling module xil_defaultlib.fir_compiler_1_delay__parameteri...
Compiling module xil_defaultlib.fir_compiler_1_buff__parameteriz...
Compiling module xil_defaultlib.fir_compiler_1_delay__parameteri...
Compiling module xil_defaultlib.fir_compiler_1_buff__parameteriz...
Compiling module xil_defaultlib.fir_compiler_1_delay__parameteri...
Compiling module xil_defaultlib.fir_compiler_1_buff__parameteriz...
Compiling module xil_defaultlib.fir_compiler_1_delay__parameteri...
Compiling module xil_defaultlib.fir_compiler_1_buff__parameteriz...
Compiling module simprims_ver.DSP48E1(INMODEREG=0,MASK=48'b111...
Compiling module xil_defaultlib.fir_compiler_1_calc__parameteriz...
Compiling module xil_defaultlib.fir_compiler_1_add_accum
Compiling module xil_defaultlib.fir_compiler_1_calc_28
Compiling module xil_defaultlib.fir_compiler_1_addsub_mult_add
Compiling module xil_defaultlib.fir_compiler_1_calc_27
Compiling module xil_defaultlib.fir_compiler_1_addsub_mult_add__...
Compiling module xil_defaultlib.fir_compiler_1_calc_26
Compiling module xil_defaultlib.fir_compiler_1_addsub_mult_add__...
Compiling module xil_defaultlib.fir_compiler_1_calc_25
Compiling module xil_defaultlib.fir_compiler_1_addsub_mult_add__...
Compiling module xil_defaultlib.fir_compiler_1_calc_24
Compiling module xil_defaultlib.fir_compiler_1_addsub_mult_add__...
Compiling module xil_defaultlib.fir_compiler_1_calc_23
Compiling module xil_defaultlib.fir_compiler_1_addsub_mult_add__...
Compiling module xil_defaultlib.fir_compiler_1_calc_22
Compiling module xil_defaultlib.fir_compiler_1_addsub_mult_add__...
Compiling module xil_defaultlib.fir_compiler_1_calc_21
Compiling module xil_defaultlib.fir_compiler_1_addsub_mult_add__...
Compiling module xil_defaultlib.fir_compiler_1_calc_20
Compiling module xil_defaultlib.fir_compiler_1_addsub_mult_add__...
Compiling module xil_defaultlib.fir_compiler_1_calc_19
Compiling module xil_defaultlib.fir_compiler_1_addsub_mult_add__...
Compiling module xil_defaultlib.fir_compiler_1_calc
Compiling module xil_defaultlib.fir_compiler_1_addsub_mult_add__...
Compiling module simprims_ver.SRLC32E_default_1
Compiling module xil_defaultlib.fir_compiler_1_sp_mem__2
Compiling module xil_defaultlib.fir_compiler_1_sp_mem__1
Compiling module xil_defaultlib.fir_compiler_1_filt_mem
Compiling module xil_defaultlib.fir_compiler_1_sp_mem
Compiling module xil_defaultlib.fir_compiler_1_sp_mem__21
Compiling module xil_defaultlib.fir_compiler_1_filt_mem__paramet...
Compiling module xil_defaultlib.fir_compiler_1_sp_mem__parameter...
Compiling module xil_defaultlib.fir_compiler_1_sp_mem__parameter...
Compiling module xil_defaultlib.fir_compiler_1_filt_mem__paramet...
Compiling module xil_defaultlib.fir_compiler_1_sp_mem__parameter...
Compiling module xil_defaultlib.fir_compiler_1_sp_mem__parameter...
Compiling module xil_defaultlib.fir_compiler_1_filt_mem__paramet...
Compiling module xil_defaultlib.fir_compiler_1_sp_mem__parameter...
Compiling module xil_defaultlib.fir_compiler_1_sp_mem__parameter...
Compiling module xil_defaultlib.fir_compiler_1_filt_mem__paramet...
Compiling module xil_defaultlib.fir_compiler_1_sp_mem__parameter...
Compiling module xil_defaultlib.fir_compiler_1_sp_mem__parameter...
Compiling module xil_defaultlib.fir_compiler_1_filt_mem__paramet...
Compiling module xil_defaultlib.fir_compiler_1_sp_mem__parameter...
Compiling module xil_defaultlib.fir_compiler_1_sp_mem__parameter...
Compiling module xil_defaultlib.fir_compiler_1_filt_mem__paramet...
Compiling module xil_defaultlib.fir_compiler_1_sp_mem__parameter...
Compiling module xil_defaultlib.fir_compiler_1_filt_mem__paramet...
Compiling module xil_defaultlib.fir_compiler_1_sp_mem__4
Compiling module xil_defaultlib.fir_compiler_1_sp_mem__3
Compiling module xil_defaultlib.fir_compiler_1_filt_mem__paramet...
Compiling module xil_defaultlib.fir_compiler_1_sp_mem__6
Compiling module xil_defaultlib.fir_compiler_1_sp_mem__5
Compiling module xil_defaultlib.fir_compiler_1_filt_mem__paramet...
Compiling module xil_defaultlib.fir_compiler_1_sp_mem__8
Compiling module xil_defaultlib.fir_compiler_1_sp_mem__7
Compiling module xil_defaultlib.fir_compiler_1_filt_mem__paramet...
Compiling module xil_defaultlib.fir_compiler_1_sp_mem__10
Compiling module xil_defaultlib.fir_compiler_1_sp_mem__9
Compiling module xil_defaultlib.fir_compiler_1_filt_mem__paramet...
Compiling module xil_defaultlib.fir_compiler_1_sp_mem__12
Compiling module xil_defaultlib.fir_compiler_1_sp_mem__11
Compiling module xil_defaultlib.fir_compiler_1_filt_mem__paramet...
Compiling module xil_defaultlib.fir_compiler_1_sp_mem__14
Compiling module xil_defaultlib.fir_compiler_1_sp_mem__13
Compiling module xil_defaultlib.fir_compiler_1_filt_mem__paramet...
Compiling module xil_defaultlib.fir_compiler_1_sp_mem__16
Compiling module xil_defaultlib.fir_compiler_1_sp_mem__15
Compiling module xil_defaultlib.fir_compiler_1_filt_mem__paramet...
Compiling module xil_defaultlib.fir_compiler_1_sp_mem__18
Compiling module xil_defaultlib.fir_compiler_1_sp_mem__17
Compiling module xil_defaultlib.fir_compiler_1_filt_mem__paramet...
Compiling module xil_defaultlib.fir_compiler_1_sp_mem__20
Compiling module xil_defaultlib.fir_compiler_1_sp_mem__19
Compiling module xil_defaultlib.fir_compiler_1_filt_mem__paramet...
Compiling module simprims_ver.FDSE_default
Compiling module xil_defaultlib.fir_compiler_1_delay__parameteri...
Compiling module xil_defaultlib.fir_compiler_1_delay__parameteri...
Compiling module xil_defaultlib.fir_compiler_1_delay__parameteri...
Compiling module xil_defaultlib.fir_compiler_1_delay__parameteri...
Compiling module xil_defaultlib.fir_compiler_1_single_rate
Compiling module xil_defaultlib.fir_compiler_1_fir_compiler_v7_2...
Compiling module xil_defaultlib.fir_compiler_1_fir_compiler_v7_2...
Compiling module xil_defaultlib.fir_compiler_1
Compiling architecture behavioral of entity xil_defaultlib.dds_fir_tb
Built simulation snapshot dds_fir_tb_time_impl
