Vivado Simulator 2017.4
Copyright 1986-1999, 2001-2016 Xilinx, Inc. All Rights Reserved.
Running: C:/Xilinx/Vivado/2017.4/bin/unwrapped/win64.o/xelab.exe -wto f64c1ef13fc44ad580fbc680ab965668 --incr --debug typical --relax --mt 2 -L xbip_utils_v3_0_8 -L axi_utils_v2_0_4 -L fir_compiler_v7_2_10 -L xil_defaultlib -L xbip_pipe_v3_0_4 -L xbip_bram18k_v3_0_4 -L mult_gen_v12_0_13 -L xbip_dsp48_wrapper_v3_0_4 -L xbip_dsp48_addsub_v3_0_4 -L xbip_dsp48_multadd_v3_0_4 -L dds_compiler_v6_0_15 -L unisims_ver -L unimacro_ver -L secureip -L xpm --snapshot dds_fir_tb_behav xil_defaultlib.dds_fir_tb xil_defaultlib.glbl -log elaborate.log 
Using 2 slave threads.
Starting static elaboration
WARNING: [VRFC 10-516] comparison between unequal length arrays always returns FALSE [/wrk/2017.sub/2017.4.1/nightly/2018_01_30_2117270/packages/customer/vivado/data/ip/xilinx/xbip_utils_v3_0/hdl/xbip_utils_v3_0_vh_rfs.vhd:2001]
WARNING: [VRFC 10-516] comparison between unequal length arrays always returns FALSE [/wrk/2017.sub/2017.4.1/nightly/2018_01_30_2117270/packages/customer/vivado/data/ip/xilinx/xbip_utils_v3_0/hdl/xbip_utils_v3_0_vh_rfs.vhd:2002]
WARNING: [VRFC 10-516] comparison between unequal length arrays always returns FALSE [/wrk/2017.sub/2017.4.1/nightly/2018_01_30_2117270/packages/customer/vivado/data/ip/xilinx/xbip_utils_v3_0/hdl/xbip_utils_v3_0_vh_rfs.vhd:2003]
WARNING: [VRFC 10-516] comparison between unequal length arrays always returns FALSE [/wrk/2017.sub/2017.4.1/nightly/2018_01_30_2117270/packages/customer/vivado/data/ip/xilinx/xbip_utils_v3_0/hdl/xbip_utils_v3_0_vh_rfs.vhd:1993]
WARNING: [VRFC 10-516] comparison between unequal length arrays always returns FALSE [/wrk/2017.sub/2017.4.1/nightly/2018_01_30_2117270/packages/customer/vivado/data/ip/xilinx/xbip_utils_v3_0/hdl/xbip_utils_v3_0_vh_rfs.vhd:1994]
WARNING: [VRFC 10-516] comparison between unequal length arrays always returns FALSE [/wrk/2017.sub/2017.4.1/nightly/2018_01_30_2117270/packages/customer/vivado/data/ip/xilinx/xbip_utils_v3_0/hdl/xbip_utils_v3_0_vh_rfs.vhd:1995]
WARNING: [VRFC 10-516] comparison between unequal length arrays always returns FALSE [/wrk/2017.sub/2017.4.1/nightly/2018_01_30_2117270/packages/customer/vivado/data/ip/xilinx/xbip_utils_v3_0/hdl/xbip_utils_v3_0_vh_rfs.vhd:2001]
WARNING: [VRFC 10-516] comparison between unequal length arrays always returns FALSE [/wrk/2017.sub/2017.4.1/nightly/2018_01_30_2117270/packages/customer/vivado/data/ip/xilinx/xbip_utils_v3_0/hdl/xbip_utils_v3_0_vh_rfs.vhd:2002]
WARNING: [VRFC 10-516] comparison between unequal length arrays always returns FALSE [/wrk/2017.sub/2017.4.1/nightly/2018_01_30_2117270/packages/customer/vivado/data/ip/xilinx/xbip_utils_v3_0/hdl/xbip_utils_v3_0_vh_rfs.vhd:2003]
WARNING: [VRFC 10-516] comparison between unequal length arrays always returns FALSE [/wrk/2017.sub/2017.4.1/nightly/2018_01_30_2117270/packages/customer/vivado/data/ip/xilinx/xbip_utils_v3_0/hdl/xbip_utils_v3_0_vh_rfs.vhd:1993]
WARNING: [VRFC 10-516] comparison between unequal length arrays always returns FALSE [/wrk/2017.sub/2017.4.1/nightly/2018_01_30_2117270/packages/customer/vivado/data/ip/xilinx/xbip_utils_v3_0/hdl/xbip_utils_v3_0_vh_rfs.vhd:1994]
WARNING: [VRFC 10-516] comparison between unequal length arrays always returns FALSE [/wrk/2017.sub/2017.4.1/nightly/2018_01_30_2117270/packages/customer/vivado/data/ip/xilinx/xbip_utils_v3_0/hdl/xbip_utils_v3_0_vh_rfs.vhd:1995]
WARNING: [VRFC 10-516] comparison between unequal length arrays always returns FALSE [/wrk/2017.sub/2017.4.1/nightly/2018_01_30_2117270/packages/customer/vivado/data/ip/xilinx/xbip_utils_v3_0/hdl/xbip_utils_v3_0_vh_rfs.vhd:2001]
WARNING: [VRFC 10-516] comparison between unequal length arrays always returns FALSE [/wrk/2017.sub/2017.4.1/nightly/2018_01_30_2117270/packages/customer/vivado/data/ip/xilinx/xbip_utils_v3_0/hdl/xbip_utils_v3_0_vh_rfs.vhd:2002]
WARNING: [VRFC 10-516] comparison between unequal length arrays always returns FALSE [/wrk/2017.sub/2017.4.1/nightly/2018_01_30_2117270/packages/customer/vivado/data/ip/xilinx/xbip_utils_v3_0/hdl/xbip_utils_v3_0_vh_rfs.vhd:2003]
WARNING: [VRFC 10-516] comparison between unequal length arrays always returns FALSE [/wrk/2017.sub/2017.4.1/nightly/2018_01_30_2117270/packages/customer/vivado/data/ip/xilinx/xbip_utils_v3_0/hdl/xbip_utils_v3_0_vh_rfs.vhd:1993]
WARNING: [VRFC 10-516] comparison between unequal length arrays always returns FALSE [/wrk/2017.sub/2017.4.1/nightly/2018_01_30_2117270/packages/customer/vivado/data/ip/xilinx/xbip_utils_v3_0/hdl/xbip_utils_v3_0_vh_rfs.vhd:1994]
WARNING: [VRFC 10-516] comparison between unequal length arrays always returns FALSE [/wrk/2017.sub/2017.4.1/nightly/2018_01_30_2117270/packages/customer/vivado/data/ip/xilinx/xbip_utils_v3_0/hdl/xbip_utils_v3_0_vh_rfs.vhd:1995]
WARNING: [VRFC 10-516] comparison between unequal length arrays always returns FALSE [/wrk/2017.sub/2017.4.1/nightly/2018_01_30_2117270/packages/customer/vivado/data/ip/xilinx/xbip_utils_v3_0/hdl/xbip_utils_v3_0_vh_rfs.vhd:2001]
WARNING: [VRFC 10-516] comparison between unequal length arrays always returns FALSE [/wrk/2017.sub/2017.4.1/nightly/2018_01_30_2117270/packages/customer/vivado/data/ip/xilinx/xbip_utils_v3_0/hdl/xbip_utils_v3_0_vh_rfs.vhd:2002]
WARNING: [VRFC 10-516] comparison between unequal length arrays always returns FALSE [/wrk/2017.sub/2017.4.1/nightly/2018_01_30_2117270/packages/customer/vivado/data/ip/xilinx/xbip_utils_v3_0/hdl/xbip_utils_v3_0_vh_rfs.vhd:2003]
WARNING: [VRFC 10-516] comparison between unequal length arrays always returns FALSE [/wrk/2017.sub/2017.4.1/nightly/2018_01_30_2117270/packages/customer/vivado/data/ip/xilinx/xbip_utils_v3_0/hdl/xbip_utils_v3_0_vh_rfs.vhd:1993]
WARNING: [VRFC 10-516] comparison between unequal length arrays always returns FALSE [/wrk/2017.sub/2017.4.1/nightly/2018_01_30_2117270/packages/customer/vivado/data/ip/xilinx/xbip_utils_v3_0/hdl/xbip_utils_v3_0_vh_rfs.vhd:1994]
WARNING: [VRFC 10-516] comparison between unequal length arrays always returns FALSE [/wrk/2017.sub/2017.4.1/nightly/2018_01_30_2117270/packages/customer/vivado/data/ip/xilinx/xbip_utils_v3_0/hdl/xbip_utils_v3_0_vh_rfs.vhd:1995]
Completed static elaboration
Starting simulation data flow analysis
Completed simulation data flow analysis
Time Resolution for simulation is 1ps
Compiling package std.standard
Compiling package std.textio
Compiling package ieee.std_logic_1164
Compiling package ieee.numeric_std
Compiling package ieee.std_logic_textio
Compiling package xbip_utils_v3_0_8.xbip_utils_v3_0_8_pkg
Compiling package xbip_utils_v3_0_8.xcc_utils_v3_0
Compiling package dds_compiler_v6_0_15.dds_compiler_v6_0_15_viv_comp
Compiling package ieee.std_logic_arith
Compiling package ieee.std_logic_signed
Compiling package dds_compiler_v6_0_15.pkg_dds_compiler_v6_0_15
Compiling package dds_compiler_v6_0_15.dds_compiler_v6_0_15_hdl_comps
Compiling package xbip_pipe_v3_0_4.xbip_pipe_v3_0_4_viv_comp
Compiling package axi_utils_v2_0_4.axi_utils_v2_0_4_pkg
Compiling package ieee.math_real
Compiling package axi_utils_v2_0_4.global_util_pkg
Compiling package axi_utils_v2_0_4.axi_utils_comps
Compiling package unisim.vcomponents
Compiling package ieee.std_logic_unsigned
Compiling package dds_compiler_v6_0_15.pkg_betas
Compiling package dds_compiler_v6_0_15.pkg_alphas
Compiling package fir_compiler_v7_2_10.fir_compiler_v7_2_10_viv_comp
Compiling package fir_compiler_v7_2_10.globals_pkg
Compiling package fir_compiler_v7_2_10.components
Compiling package ieee.vital_timing
Compiling package ieee.vital_primitives
Compiling package unisim.vpkg
Compiling module xil_defaultlib.glbl
Compiling architecture synth of entity xbip_pipe_v3_0_4.xbip_pipe_v3_0_4_viv [\xbip_pipe_v3_0_4_viv(c_latency=...]
Compiling architecture synth of entity xbip_pipe_v3_0_4.xbip_pipe_v3_0_4_viv [\xbip_pipe_v3_0_4_viv(c_latency=...]
Compiling architecture synth of entity dds_compiler_v6_0_15.dds_compiler_v6_0_15_rdy [\dds_compiler_v6_0_15_rdy(c_has_...]
Compiling architecture synth of entity xbip_pipe_v3_0_4.xbip_pipe_v3_0_4_viv [\xbip_pipe_v3_0_4_viv(c_has_ce=1...]
Compiling architecture synth of entity xbip_pipe_v3_0_4.xbip_pipe_v3_0_4_viv [\xbip_pipe_v3_0_4_viv(c_has_ce=1...]
Compiling architecture synth of entity xbip_pipe_v3_0_4.xbip_pipe_v3_0_4_viv [\xbip_pipe_v3_0_4_viv(c_has_ce=1...]
Compiling architecture synth of entity xbip_pipe_v3_0_4.xbip_pipe_v3_0_4_viv [\xbip_pipe_v3_0_4_viv(c_latency=...]
Compiling architecture synth of entity dds_compiler_v6_0_15.pipe_add [\pipe_add(c_width=27,c_seg_width...]
Compiling architecture synth of entity dds_compiler_v6_0_15.accum [\accum(c_xdevicefamily="zynq",c_...]
Compiling architecture synth of entity xbip_pipe_v3_0_4.xbip_pipe_v3_0_4_viv [\xbip_pipe_v3_0_4_viv(c_latency=...]
Compiling architecture synth of entity xbip_pipe_v3_0_4.xbip_pipe_v3_0_4_viv [\xbip_pipe_v3_0_4_viv(c_latency=...]
Compiling architecture synth of entity xbip_pipe_v3_0_4.xbip_pipe_v3_0_4_viv [\xbip_pipe_v3_0_4_viv(c_latency=...]
Compiling architecture synth of entity xbip_pipe_v3_0_4.xbip_pipe_v3_0_4_viv [\xbip_pipe_v3_0_4_viv(c_latency=...]
Compiling architecture synth of entity dds_compiler_v6_0_15.sin_cos [\sin_cos(c_xdevicefamily="zynq",...]
Compiling architecture synth of entity xbip_pipe_v3_0_4.xbip_pipe_v3_0_4_viv [\xbip_pipe_v3_0_4_viv(c_has_ce=1...]
Compiling architecture synth of entity xbip_pipe_v3_0_4.xbip_pipe_v3_0_4_viv [\xbip_pipe_v3_0_4_viv(c_has_ce=1...]
Compiling architecture synth of entity dds_compiler_v6_0_15.dds_compiler_v6_0_15_core [\dds_compiler_v6_0_15_core(c_xde...]
Compiling architecture synth of entity dds_compiler_v6_0_15.dds_compiler_v6_0_15_viv [\dds_compiler_v6_0_15_viv(c_xdev...]
Compiling architecture xilinx of entity dds_compiler_v6_0_15.dds_compiler_v6_0_15 [\dds_compiler_v6_0_15(c_xdevicef...]
Compiling architecture dds_compiler_0_arch of entity xil_defaultlib.dds_compiler_0 [dds_compiler_0_default]
Compiling architecture xilinx of entity axi_utils_v2_0_4.glb_srl_fifo [\glb_srl_fifo(width=16,has_ifx=t...]
Compiling architecture xilinx of entity axi_utils_v2_0_4.glb_ifx_slave [\glb_ifx_slave(width=16,has_ifx=...]
Compiling architecture synth of entity fir_compiler_v7_2_10.cntrl_delay [\cntrl_delay(c_delay_len=0,c_mem...]
Compiling architecture synth of entity fir_compiler_v7_2_10.sp_mem [\sp_mem(c_xdevicefamily="zynq",c...]
Compiling architecture synth of entity fir_compiler_v7_2_10.sp_mem [\sp_mem(c_xdevicefamily="zynq",c...]
Compiling architecture synth of entity fir_compiler_v7_2_10.filt_mem [\filt_mem(c_xdevicefamily="zynq"...]
Compiling architecture synth of entity fir_compiler_v7_2_10.sp_mem [\sp_mem(c_xdevicefamily="zynq",c...]
Compiling architecture synth of entity fir_compiler_v7_2_10.filt_mem [\filt_mem(c_xdevicefamily="zynq"...]
Compiling architecture synth of entity fir_compiler_v7_2_10.delay [\delay(c_delay_len=32,c_xdevicef...]
Compiling architecture synth of entity fir_compiler_v7_2_10.buff [\buff(c_xdevicefamily="zynq",c_d...]
Compiling architecture synth of entity fir_compiler_v7_2_10.delay [\delay(c_delay_len=2,c_xdevicefa...]
Compiling architecture synth of entity fir_compiler_v7_2_10.delay [\delay(c_delay_len=0,c_xdevicefa...]
Compiling architecture synth of entity fir_compiler_v7_2_10.delay [\delay(c_delay_len=33,c_xdevicef...]
Compiling architecture synth of entity fir_compiler_v7_2_10.buff [\buff(c_xdevicefamily="zynq",c_d...]
Compiling architecture synth of entity fir_compiler_v7_2_10.delay [\delay(c_delay_len=0,c_xdevicefa...]
Compiling architecture dsp48e1_v of entity unisim.DSP48E1 [\DSP48E1(mask="11111111111111111...]
Compiling architecture synth of entity fir_compiler_v7_2_10.calc [\calc(c_xdevicefamily="zynq",c_p...]
WARNING: [VRFC 10-516] comparison between unequal length arrays always returns FALSE [/wrk/2017.sub/2017.4.1/nightly/2018_01_30_2117270/packages/customer/vivado/data/ip/xilinx/xbip_utils_v3_0/hdl/xbip_utils_v3_0_vh_rfs.vhd:2001]
WARNING: [VRFC 10-516] comparison between unequal length arrays always returns FALSE [/wrk/2017.sub/2017.4.1/nightly/2018_01_30_2117270/packages/customer/vivado/data/ip/xilinx/xbip_utils_v3_0/hdl/xbip_utils_v3_0_vh_rfs.vhd:2002]
WARNING: [VRFC 10-516] comparison between unequal length arrays always returns FALSE [/wrk/2017.sub/2017.4.1/nightly/2018_01_30_2117270/packages/customer/vivado/data/ip/xilinx/xbip_utils_v3_0/hdl/xbip_utils_v3_0_vh_rfs.vhd:2003]
WARNING: [VRFC 10-516] comparison between unequal length arrays always returns FALSE [/wrk/2017.sub/2017.4.1/nightly/2018_01_30_2117270/packages/customer/vivado/data/ip/xilinx/xbip_utils_v3_0/hdl/xbip_utils_v3_0_vh_rfs.vhd:1993]
WARNING: [VRFC 10-516] comparison between unequal length arrays always returns FALSE [/wrk/2017.sub/2017.4.1/nightly/2018_01_30_2117270/packages/customer/vivado/data/ip/xilinx/xbip_utils_v3_0/hdl/xbip_utils_v3_0_vh_rfs.vhd:1994]
WARNING: [VRFC 10-516] comparison between unequal length arrays always returns FALSE [/wrk/2017.sub/2017.4.1/nightly/2018_01_30_2117270/packages/customer/vivado/data/ip/xilinx/xbip_utils_v3_0/hdl/xbip_utils_v3_0_vh_rfs.vhd:1995]
Compiling architecture synth of entity fir_compiler_v7_2_10.addsub_mult_add [\addsub_mult_add(c_xdevicefamily...]
WARNING: [VRFC 10-516] comparison between unequal length arrays always returns FALSE [/wrk/2017.sub/2017.4.1/nightly/2018_01_30_2117270/packages/customer/vivado/data/ip/xilinx/xbip_utils_v3_0/hdl/xbip_utils_v3_0_vh_rfs.vhd:2001]
WARNING: [VRFC 10-516] comparison between unequal length arrays always returns FALSE [/wrk/2017.sub/2017.4.1/nightly/2018_01_30_2117270/packages/customer/vivado/data/ip/xilinx/xbip_utils_v3_0/hdl/xbip_utils_v3_0_vh_rfs.vhd:2002]
WARNING: [VRFC 10-516] comparison between unequal length arrays always returns FALSE [/wrk/2017.sub/2017.4.1/nightly/2018_01_30_2117270/packages/customer/vivado/data/ip/xilinx/xbip_utils_v3_0/hdl/xbip_utils_v3_0_vh_rfs.vhd:2003]
WARNING: [VRFC 10-516] comparison between unequal length arrays always returns FALSE [/wrk/2017.sub/2017.4.1/nightly/2018_01_30_2117270/packages/customer/vivado/data/ip/xilinx/xbip_utils_v3_0/hdl/xbip_utils_v3_0_vh_rfs.vhd:1993]
WARNING: [VRFC 10-516] comparison between unequal length arrays always returns FALSE [/wrk/2017.sub/2017.4.1/nightly/2018_01_30_2117270/packages/customer/vivado/data/ip/xilinx/xbip_utils_v3_0/hdl/xbip_utils_v3_0_vh_rfs.vhd:1994]
WARNING: [VRFC 10-516] comparison between unequal length arrays always returns FALSE [/wrk/2017.sub/2017.4.1/nightly/2018_01_30_2117270/packages/customer/vivado/data/ip/xilinx/xbip_utils_v3_0/hdl/xbip_utils_v3_0_vh_rfs.vhd:1995]
Compiling architecture synth of entity fir_compiler_v7_2_10.delay [\delay(c_delay_len=0,c_xdevicefa...]
Compiling architecture synth of entity fir_compiler_v7_2_10.addsub_mult_add [\addsub_mult_add(c_xdevicefamily...]
WARNING: [VRFC 10-516] comparison between unequal length arrays always returns FALSE [/wrk/2017.sub/2017.4.1/nightly/2018_01_30_2117270/packages/customer/vivado/data/ip/xilinx/xbip_utils_v3_0/hdl/xbip_utils_v3_0_vh_rfs.vhd:2001]
WARNING: [VRFC 10-516] comparison between unequal length arrays always returns FALSE [/wrk/2017.sub/2017.4.1/nightly/2018_01_30_2117270/packages/customer/vivado/data/ip/xilinx/xbip_utils_v3_0/hdl/xbip_utils_v3_0_vh_rfs.vhd:2002]
WARNING: [VRFC 10-516] comparison between unequal length arrays always returns FALSE [/wrk/2017.sub/2017.4.1/nightly/2018_01_30_2117270/packages/customer/vivado/data/ip/xilinx/xbip_utils_v3_0/hdl/xbip_utils_v3_0_vh_rfs.vhd:2003]
WARNING: [VRFC 10-516] comparison between unequal length arrays always returns FALSE [/wrk/2017.sub/2017.4.1/nightly/2018_01_30_2117270/packages/customer/vivado/data/ip/xilinx/xbip_utils_v3_0/hdl/xbip_utils_v3_0_vh_rfs.vhd:1993]
WARNING: [VRFC 10-516] comparison between unequal length arrays always returns FALSE [/wrk/2017.sub/2017.4.1/nightly/2018_01_30_2117270/packages/customer/vivado/data/ip/xilinx/xbip_utils_v3_0/hdl/xbip_utils_v3_0_vh_rfs.vhd:1994]
WARNING: [VRFC 10-516] comparison between unequal length arrays always returns FALSE [/wrk/2017.sub/2017.4.1/nightly/2018_01_30_2117270/packages/customer/vivado/data/ip/xilinx/xbip_utils_v3_0/hdl/xbip_utils_v3_0_vh_rfs.vhd:1995]
Compiling architecture synth of entity fir_compiler_v7_2_10.dpr_mem [\dpr_mem(c_xdevicefamily="zynq",...]
Compiling architecture synth of entity fir_compiler_v7_2_10.delay [\delay(c_delay_len=31,c_xdevicef...]
Compiling architecture synth of entity fir_compiler_v7_2_10.delay [\delay(c_delay_len=1,c_xdevicefa...]
Compiling architecture synth of entity fir_compiler_v7_2_10.delay [\delay(c_delay_len=1,c_xdevicefa...]
Compiling architecture synth of entity fir_compiler_v7_2_10.wrap_buff [\wrap_buff(c_xdevicefamily="zynq...]
Compiling architecture dsp48e1_v of entity unisim.DSP48E1 [\DSP48E1(inmodereg=0,mask="11111...]
Compiling architecture synth of entity fir_compiler_v7_2_10.delay [\delay(c_delay_len=0,c_xdevicefa...]
Compiling architecture synth of entity fir_compiler_v7_2_10.delay [\delay(c_delay_len=0,c_xdevicefa...]
Compiling architecture synth of entity fir_compiler_v7_2_10.calc [\calc(c_xdevicefamily="zynq",c_p...]
Compiling architecture synth of entity fir_compiler_v7_2_10.add_accum [\add_accum(c_xdevicefamily="zynq...]
Compiling architecture synth of entity fir_compiler_v7_2_10.delay [\delay(c_delay_len=0,c_xdevicefa...]
Compiling architecture synth of entity fir_compiler_v7_2_10.delay [\delay(c_delay_len=0,c_xdevicefa...]
Compiling architecture synth of entity fir_compiler_v7_2_10.delay [\delay(c_delay_len=1,c_xdevicefa...]
Compiling architecture synth of entity fir_compiler_v7_2_10.delay [\delay(c_delay_len=0,c_xdevicefa...]
Compiling architecture synth of entity fir_compiler_v7_2_10.delay [\delay(c_delay_len=1,c_xdevicefa...]
Compiling architecture synth of entity fir_compiler_v7_2_10.delay [\delay(c_delay_len=0,c_xdevicefa...]
Compiling architecture synth of entity fir_compiler_v7_2_10.delay [\delay(c_delay_len=5,c_xdevicefa...]
Compiling architecture synth of entity fir_compiler_v7_2_10.delay [\delay(c_delay_len=7,c_xdevicefa...]
Compiling architecture synth of entity fir_compiler_v7_2_10.polyphase_decimation [\polyphase_decimation(c_xdevicef...]
Compiling architecture synth of entity fir_compiler_v7_2_10.fir_compiler_v7_2_10_viv [\fir_compiler_v7_2_10_viv(c_xdev...]
Compiling architecture xilinx of entity fir_compiler_v7_2_10.fir_compiler_v7_2_10 [\fir_compiler_v7_2_10(c_xdevicef...]
Compiling architecture fir_compiler_0_arch of entity xil_defaultlib.fir_compiler_0 [fir_compiler_0_default]
Compiling architecture synth of entity fir_compiler_v7_2_10.delay [\delay(c_delay_len=2,c_xdevicefa...]
Compiling architecture synth of entity fir_compiler_v7_2_10.delay [\delay(c_delay_len=4,c_xdevicefa...]
Compiling architecture synth of entity fir_compiler_v7_2_10.dpt_mem [\dpt_mem(c_xdevicefamily="zynq",...]
Compiling architecture synth of entity fir_compiler_v7_2_10.filt_mem [\filt_mem(c_xdevicefamily="zynq"...]
Compiling architecture synth of entity fir_compiler_v7_2_10.sp_mem [\sp_mem(c_xdevicefamily="zynq",c...]
Compiling architecture synth of entity fir_compiler_v7_2_10.filt_mem [\filt_mem(c_xdevicefamily="zynq"...]
Compiling architecture synth of entity fir_compiler_v7_2_10.cntrl_delay [\cntrl_delay(c_delay_len=0,c_mem...]
Compiling architecture synth of entity fir_compiler_v7_2_10.dpr_mem [\dpr_mem(c_xdevicefamily="zynq",...]
Compiling architecture synth of entity fir_compiler_v7_2_10.wrap_buff [\wrap_buff(c_xdevicefamily="zynq...]
Compiling architecture synth of entity fir_compiler_v7_2_10.delay [\delay(c_delay_len=0,c_xdevicefa...]
Compiling architecture synth of entity fir_compiler_v7_2_10.calc [\calc(c_xdevicefamily="zynq",c_p...]
Compiling architecture synth of entity fir_compiler_v7_2_10.addsub_mult_accum [\addsub_mult_accum(c_xdevicefami...]
Compiling architecture synth of entity fir_compiler_v7_2_10.delay [\delay(c_delay_len=0,c_xdevicefa...]
Compiling architecture synth of entity fir_compiler_v7_2_10.delay [\delay(c_delay_len=1,c_xdevicefa...]
Compiling architecture synth of entity fir_compiler_v7_2_10.delay [\delay(c_delay_len=2,c_xdevicefa...]
Compiling architecture synth of entity fir_compiler_v7_2_10.delay [\delay(c_delay_len=1,c_xdevicefa...]
Compiling architecture synth of entity fir_compiler_v7_2_10.delay [\delay(c_delay_len=3,c_xdevicefa...]
Compiling architecture synth of entity fir_compiler_v7_2_10.polyphase_decimation [\polyphase_decimation(c_xdevicef...]
Compiling architecture synth of entity fir_compiler_v7_2_10.fir_compiler_v7_2_10_viv [\fir_compiler_v7_2_10_viv(c_xdev...]
Compiling architecture xilinx of entity fir_compiler_v7_2_10.fir_compiler_v7_2_10 [\fir_compiler_v7_2_10(c_xdevicef...]
Compiling architecture fir_compiler_1_arch of entity xil_defaultlib.fir_compiler_1 [fir_compiler_1_default]
Compiling architecture behavioral of entity xil_defaultlib.dds_fir_tb
Built simulation snapshot dds_fir_tb_behav
