
*** Running vivado
    with args -log fir_compiler_0.vds -m64 -product Vivado -mode batch -messageDb vivado.pb -notrace -source fir_compiler_0.tcl


****** Vivado v2017.4.1 (64-bit)
  **** SW Build 2117270 on Tue Jan 30 15:32:00 MST 2018
  **** IP Build 2095745 on Tue Jan 30 17:13:15 MST 2018
    ** Copyright 1986-2017 Xilinx, Inc. All Rights Reserved.

source fir_compiler_0.tcl -notrace
Command: synth_design -top fir_compiler_0 -part xc7z020clg484-1 -mode out_of_context
Starting synth_design
Attempting to get a license for feature 'Synthesis' and/or device 'xc7z020'
INFO: [Common 17-349] Got license for feature 'Synthesis' and/or device 'xc7z020'
INFO: Launching helper process for spawning children vivado processes
INFO: Helper process launched with PID 14328 
---------------------------------------------------------------------------------
Starting RTL Elaboration : Time (s): cpu = 00:00:06 ; elapsed = 00:00:06 . Memory (MB): peak = 421.945 ; gain = 100.570
---------------------------------------------------------------------------------
INFO: [Synth 8-638] synthesizing module 'fir_compiler_0' [c:/Users/Zach/Documents/GradSchool/Fall_2019/EN525.742_SOC_Design_Lab/EN525.742_Project_4/EN525.742_Project_4.srcs/sources_1/ip/fir_compiler_0/synth/fir_compiler_0.vhd:70]
	Parameter C_XDEVICEFAMILY bound to: zynq - type: string 
	Parameter C_ELABORATION_DIR bound to: ./ - type: string 
	Parameter C_COMPONENT_NAME bound to: fir_compiler_0 - type: string 
	Parameter C_COEF_FILE bound to: fir_compiler_0.mif - type: string 
	Parameter C_COEF_FILE_LINES bound to: 65 - type: integer 
	Parameter C_FILTER_TYPE bound to: 0 - type: integer 
	Parameter C_INTERP_RATE bound to: 1 - type: integer 
	Parameter C_DECIM_RATE bound to: 1 - type: integer 
	Parameter C_ZERO_PACKING_FACTOR bound to: 1 - type: integer 
	Parameter C_SYMMETRY bound to: 1 - type: integer 
	Parameter C_NUM_FILTS bound to: 1 - type: integer 
	Parameter C_NUM_TAPS bound to: 129 - type: integer 
	Parameter C_NUM_CHANNELS bound to: 1 - type: integer 
	Parameter C_CHANNEL_PATTERN bound to: fixed - type: string 
	Parameter C_ROUND_MODE bound to: 1 - type: integer 
	Parameter C_COEF_RELOAD bound to: 0 - type: integer 
	Parameter C_NUM_RELOAD_SLOTS bound to: 1 - type: integer 
	Parameter C_COL_MODE bound to: 1 - type: integer 
	Parameter C_COL_PIPE_LEN bound to: 4 - type: integer 
	Parameter C_COL_CONFIG bound to: 20,20,25 - type: string 
	Parameter C_OPTIMIZATION bound to: 0 - type: integer 
	Parameter C_DATA_PATH_WIDTHS bound to: 16 - type: string 
	Parameter C_DATA_IP_PATH_WIDTHS bound to: 16 - type: string 
	Parameter C_DATA_PX_PATH_WIDTHS bound to: 16 - type: string 
	Parameter C_DATA_WIDTH bound to: 16 - type: integer 
	Parameter C_COEF_PATH_WIDTHS bound to: 16 - type: string 
	Parameter C_COEF_WIDTH bound to: 16 - type: integer 
	Parameter C_DATA_PATH_SRC bound to: 0 - type: string 
	Parameter C_COEF_PATH_SRC bound to: 0 - type: string 
	Parameter C_PX_PATH_SRC bound to: 0 - type: string 
	Parameter C_DATA_PATH_SIGN bound to: 0 - type: string 
	Parameter C_COEF_PATH_SIGN bound to: 0 - type: string 
	Parameter C_ACCUM_PATH_WIDTHS bound to: 37 - type: string 
	Parameter C_OUTPUT_WIDTH bound to: 16 - type: integer 
	Parameter C_OUTPUT_PATH_WIDTHS bound to: 16 - type: string 
	Parameter C_ACCUM_OP_PATH_WIDTHS bound to: 37 - type: string 
	Parameter C_EXT_MULT_CNFG bound to: none - type: string 
	Parameter C_DATA_PATH_PSAMP_SRC bound to: 0 - type: string 
	Parameter C_OP_PATH_PSAMP_SRC bound to: 0 - type: string 
	Parameter C_NUM_MADDS bound to: 65 - type: integer 
	Parameter C_OPT_MADDS bound to: none - type: string 
	Parameter C_OVERSAMPLING_RATE bound to: 1 - type: integer 
	Parameter C_INPUT_RATE bound to: 1 - type: integer 
	Parameter C_OUTPUT_RATE bound to: 1 - type: integer 
	Parameter C_DATA_MEMTYPE bound to: 0 - type: integer 
	Parameter C_COEF_MEMTYPE bound to: 2 - type: integer 
	Parameter C_IPBUFF_MEMTYPE bound to: 0 - type: integer 
	Parameter C_OPBUFF_MEMTYPE bound to: 0 - type: integer 
	Parameter C_DATAPATH_MEMTYPE bound to: 0 - type: integer 
	Parameter C_MEM_ARRANGEMENT bound to: 1 - type: integer 
	Parameter C_DATA_MEM_PACKING bound to: 0 - type: integer 
	Parameter C_COEF_MEM_PACKING bound to: 0 - type: integer 
	Parameter C_FILTS_PACKED bound to: 0 - type: integer 
	Parameter C_LATENCY bound to: 79 - type: integer 
	Parameter C_HAS_ARESETn bound to: 0 - type: integer 
	Parameter C_HAS_ACLKEN bound to: 0 - type: integer 
	Parameter C_DATA_HAS_TLAST bound to: 0 - type: integer 
	Parameter C_S_DATA_HAS_FIFO bound to: 1 - type: integer 
	Parameter C_S_DATA_HAS_TUSER bound to: 0 - type: integer 
	Parameter C_S_DATA_TDATA_WIDTH bound to: 16 - type: integer 
	Parameter C_S_DATA_TUSER_WIDTH bound to: 1 - type: integer 
	Parameter C_M_DATA_HAS_TREADY bound to: 0 - type: integer 
	Parameter C_M_DATA_HAS_TUSER bound to: 0 - type: integer 
	Parameter C_M_DATA_TDATA_WIDTH bound to: 16 - type: integer 
	Parameter C_M_DATA_TUSER_WIDTH bound to: 1 - type: integer 
	Parameter C_HAS_CONFIG_CHANNEL bound to: 0 - type: integer 
	Parameter C_CONFIG_SYNC_MODE bound to: 0 - type: integer 
	Parameter C_CONFIG_PACKET_SIZE bound to: 0 - type: integer 
	Parameter C_CONFIG_TDATA_WIDTH bound to: 1 - type: integer 
	Parameter C_RELOAD_TDATA_WIDTH bound to: 1 - type: integer 
INFO: [Synth 8-3491] module 'fir_compiler_v7_2_10' declared at 'c:/Users/Zach/Documents/GradSchool/Fall_2019/EN525.742_SOC_Design_Lab/EN525.742_Project_4/EN525.742_Project_4.srcs/sources_1/ip/fir_compiler_0/hdl/fir_compiler_v7_2_vh_rfs.vhd:61141' bound to instance 'U0' of component 'fir_compiler_v7_2_10' [c:/Users/Zach/Documents/GradSchool/Fall_2019/EN525.742_SOC_Design_Lab/EN525.742_Project_4/EN525.742_Project_4.srcs/sources_1/ip/fir_compiler_0/synth/fir_compiler_0.vhd:198]
INFO: [Synth 8-256] done synthesizing module 'fir_compiler_0' (13#1) [c:/Users/Zach/Documents/GradSchool/Fall_2019/EN525.742_SOC_Design_Lab/EN525.742_Project_4/EN525.742_Project_4.srcs/sources_1/ip/fir_compiler_0/synth/fir_compiler_0.vhd:70]
WARNING: [Synth 8-3331] design delay__parameterized68 has unconnected port SCLR
WARNING: [Synth 8-3331] design delay__parameterized68 has unconnected port SCLR_ALT
WARNING: [Synth 8-3331] design buff__parameterized0 has unconnected port RE
WARNING: [Synth 8-3331] design buff__parameterized0 has unconnected port SCLR
WARNING: [Synth 8-3331] design delay__parameterized69 has unconnected port SCLR
WARNING: [Synth 8-3331] design delay__parameterized69 has unconnected port SCLR_ALT
WARNING: [Synth 8-3331] design buff__parameterized1 has unconnected port RE
WARNING: [Synth 8-3331] design buff__parameterized1 has unconnected port SCLR
WARNING: [Synth 8-3331] design delay__parameterized2 has unconnected port SCLR_ALT
WARNING: [Synth 8-3331] design buff has unconnected port RE
WARNING: [Synth 8-3331] design buff has unconnected port SCLR
WARNING: [Synth 8-3331] design delay__parameterized73 has unconnected port WE
WARNING: [Synth 8-3331] design delay__parameterized73 has unconnected port CE
WARNING: [Synth 8-3331] design delay__parameterized73 has unconnected port SCLR
WARNING: [Synth 8-3331] design delay__parameterized73 has unconnected port SCLR_ALT
WARNING: [Synth 8-3331] design delay__parameterized73 has unconnected port CLK
WARNING: [Synth 8-3331] design delay__parameterized71 has unconnected port WE
WARNING: [Synth 8-3331] design delay__parameterized71 has unconnected port CE
WARNING: [Synth 8-3331] design delay__parameterized71 has unconnected port SCLR
WARNING: [Synth 8-3331] design delay__parameterized71 has unconnected port SCLR_ALT
WARNING: [Synth 8-3331] design delay__parameterized71 has unconnected port CLK
WARNING: [Synth 8-3331] design calc has unconnected port PRE_ADDSUB
WARNING: [Synth 8-3331] design calc has unconnected port CED
WARNING: [Synth 8-3331] design delay__parameterized70 has unconnected port WE
WARNING: [Synth 8-3331] design delay__parameterized70 has unconnected port CE
WARNING: [Synth 8-3331] design delay__parameterized70 has unconnected port SCLR
WARNING: [Synth 8-3331] design delay__parameterized70 has unconnected port SCLR_ALT
WARNING: [Synth 8-3331] design delay__parameterized70 has unconnected port CLK
WARNING: [Synth 8-3331] design addsub_mult_add__parameterized1 has unconnected port POUT[casc][52]
WARNING: [Synth 8-3331] design addsub_mult_add__parameterized1 has unconnected port POUT[casc][51]
WARNING: [Synth 8-3331] design addsub_mult_add__parameterized1 has unconnected port POUT[casc][50]
WARNING: [Synth 8-3331] design addsub_mult_add__parameterized1 has unconnected port POUT[casc][49]
WARNING: [Synth 8-3331] design addsub_mult_add__parameterized1 has unconnected port POUT[casc][48]
WARNING: [Synth 8-3331] design addsub_mult_add__parameterized1 has unconnected port P_EN
WARNING: [Synth 8-3331] design addsub_mult_add__parameterized1 has unconnected port OPCODE[9]
WARNING: [Synth 8-3331] design addsub_mult_add__parameterized1 has unconnected port OPCODE[8]
WARNING: [Synth 8-3331] design addsub_mult_add__parameterized1 has unconnected port OPCODE[7]
WARNING: [Synth 8-3331] design addsub_mult_add__parameterized1 has unconnected port OPCODE[6]
WARNING: [Synth 8-3331] design addsub_mult_add__parameterized1 has unconnected port OPCODE[5]
WARNING: [Synth 8-3331] design addsub_mult_add__parameterized1 has unconnected port OPCODE[4]
WARNING: [Synth 8-3331] design addsub_mult_add__parameterized1 has unconnected port OPCODE[3]
WARNING: [Synth 8-3331] design addsub_mult_add__parameterized1 has unconnected port OPCODE[2]
WARNING: [Synth 8-3331] design addsub_mult_add__parameterized1 has unconnected port OPCODE[1]
WARNING: [Synth 8-3331] design addsub_mult_add__parameterized1 has unconnected port OPCODE[0]
WARNING: [Synth 8-3331] design addsub_mult_add__parameterized1 has unconnected port CIN[36]
WARNING: [Synth 8-3331] design addsub_mult_add__parameterized1 has unconnected port CIN[35]
WARNING: [Synth 8-3331] design addsub_mult_add__parameterized1 has unconnected port CIN[34]
WARNING: [Synth 8-3331] design addsub_mult_add__parameterized1 has unconnected port CIN[33]
WARNING: [Synth 8-3331] design addsub_mult_add__parameterized1 has unconnected port CIN[32]
WARNING: [Synth 8-3331] design addsub_mult_add__parameterized1 has unconnected port CIN[31]
WARNING: [Synth 8-3331] design addsub_mult_add__parameterized1 has unconnected port CIN[30]
WARNING: [Synth 8-3331] design addsub_mult_add__parameterized1 has unconnected port CIN[29]
WARNING: [Synth 8-3331] design addsub_mult_add__parameterized1 has unconnected port CIN[28]
WARNING: [Synth 8-3331] design addsub_mult_add__parameterized1 has unconnected port CIN[27]
WARNING: [Synth 8-3331] design addsub_mult_add__parameterized1 has unconnected port CIN[26]
WARNING: [Synth 8-3331] design addsub_mult_add__parameterized1 has unconnected port CIN[25]
WARNING: [Synth 8-3331] design addsub_mult_add__parameterized1 has unconnected port CIN[24]
WARNING: [Synth 8-3331] design addsub_mult_add__parameterized1 has unconnected port CIN[23]
WARNING: [Synth 8-3331] design addsub_mult_add__parameterized1 has unconnected port CIN[22]
WARNING: [Synth 8-3331] design addsub_mult_add__parameterized1 has unconnected port CIN[21]
WARNING: [Synth 8-3331] design addsub_mult_add__parameterized1 has unconnected port CIN[20]
WARNING: [Synth 8-3331] design addsub_mult_add__parameterized1 has unconnected port CIN[19]
WARNING: [Synth 8-3331] design addsub_mult_add__parameterized1 has unconnected port CIN[18]
WARNING: [Synth 8-3331] design addsub_mult_add__parameterized1 has unconnected port CIN[17]
WARNING: [Synth 8-3331] design addsub_mult_add__parameterized1 has unconnected port CIN[16]
WARNING: [Synth 8-3331] design addsub_mult_add__parameterized1 has unconnected port CIN[15]
WARNING: [Synth 8-3331] design addsub_mult_add__parameterized1 has unconnected port CIN[14]
WARNING: [Synth 8-3331] design addsub_mult_add__parameterized1 has unconnected port CIN[13]
WARNING: [Synth 8-3331] design addsub_mult_add__parameterized1 has unconnected port CIN[12]
WARNING: [Synth 8-3331] design addsub_mult_add__parameterized1 has unconnected port CIN[11]
WARNING: [Synth 8-3331] design addsub_mult_add__parameterized1 has unconnected port CIN[10]
WARNING: [Synth 8-3331] design addsub_mult_add__parameterized1 has unconnected port CIN[9]
WARNING: [Synth 8-3331] design addsub_mult_add__parameterized1 has unconnected port CIN[8]
WARNING: [Synth 8-3331] design addsub_mult_add__parameterized1 has unconnected port CIN[7]
WARNING: [Synth 8-3331] design addsub_mult_add__parameterized1 has unconnected port CIN[6]
WARNING: [Synth 8-3331] design addsub_mult_add__parameterized1 has unconnected port CIN[5]
WARNING: [Synth 8-3331] design addsub_mult_add__parameterized1 has unconnected port CIN[4]
WARNING: [Synth 8-3331] design addsub_mult_add__parameterized1 has unconnected port CIN[3]
WARNING: [Synth 8-3331] design addsub_mult_add__parameterized1 has unconnected port CIN[2]
WARNING: [Synth 8-3331] design addsub_mult_add__parameterized1 has unconnected port CIN[1]
WARNING: [Synth 8-3331] design addsub_mult_add__parameterized1 has unconnected port CIN[0]
WARNING: [Synth 8-3331] design addsub_mult_add__parameterized1 has unconnected port PIN[casc][52]
WARNING: [Synth 8-3331] design addsub_mult_add__parameterized1 has unconnected port PIN[casc][51]
WARNING: [Synth 8-3331] design addsub_mult_add__parameterized1 has unconnected port PIN[casc][50]
WARNING: [Synth 8-3331] design addsub_mult_add__parameterized1 has unconnected port PIN[casc][49]
WARNING: [Synth 8-3331] design addsub_mult_add__parameterized1 has unconnected port PIN[casc][48]
WARNING: [Synth 8-3331] design addsub_mult_add__parameterized1 has unconnected port PIN[casc][47]
WARNING: [Synth 8-3331] design addsub_mult_add__parameterized1 has unconnected port PIN[casc][46]
WARNING: [Synth 8-3331] design addsub_mult_add__parameterized1 has unconnected port PIN[casc][45]
WARNING: [Synth 8-3331] design addsub_mult_add__parameterized1 has unconnected port PIN[casc][44]
WARNING: [Synth 8-3331] design addsub_mult_add__parameterized1 has unconnected port PIN[casc][43]
WARNING: [Synth 8-3331] design addsub_mult_add__parameterized1 has unconnected port PIN[casc][42]
WARNING: [Synth 8-3331] design addsub_mult_add__parameterized1 has unconnected port PIN[casc][41]
WARNING: [Synth 8-3331] design addsub_mult_add__parameterized1 has unconnected port PIN[casc][40]
WARNING: [Synth 8-3331] design addsub_mult_add__parameterized1 has unconnected port PIN[casc][39]
WARNING: [Synth 8-3331] design addsub_mult_add__parameterized1 has unconnected port PIN[casc][38]
WARNING: [Synth 8-3331] design addsub_mult_add__parameterized1 has unconnected port PIN[casc][37]
WARNING: [Synth 8-3331] design addsub_mult_add__parameterized1 has unconnected port PIN[casc][36]
WARNING: [Synth 8-3331] design addsub_mult_add__parameterized1 has unconnected port PIN[casc][35]
WARNING: [Synth 8-3331] design addsub_mult_add__parameterized1 has unconnected port PIN[casc][34]
INFO: [Common 17-14] Message 'Synth 8-3331' appears 100 times and further instances of the messages will be disabled. Use the Tcl command set_msg_config to change the current settings.
---------------------------------------------------------------------------------
Finished RTL Elaboration : Time (s): cpu = 00:00:30 ; elapsed = 00:00:30 . Memory (MB): peak = 724.082 ; gain = 402.707
---------------------------------------------------------------------------------

Report Check Netlist: 
+------+------------------+-------+---------+-------+------------------+
|      |Item              |Errors |Warnings |Status |Description       |
+------+------------------+-------+---------+-------+------------------+
|1     |multi_driven_nets |      0|        0|Passed |Multi driven nets |
+------+------------------+-------+---------+-------+------------------+
---------------------------------------------------------------------------------
Finished RTL Optimization Phase 1 : Time (s): cpu = 00:00:31 ; elapsed = 00:00:31 . Memory (MB): peak = 724.082 ; gain = 402.707
---------------------------------------------------------------------------------
INFO: [Netlist 29-17] Analyzing 65 Unisim elements for replacement
INFO: [Netlist 29-28] Unisim Transformation completed in 0 CPU seconds
INFO: [Device 21-403] Loading part xc7z020clg484-1
INFO: [Project 1-570] Preparing netlist for logic optimization

Processing XDC Constraints
Initializing timing engine
Parsing XDC File [c:/Users/Zach/Documents/GradSchool/Fall_2019/EN525.742_SOC_Design_Lab/EN525.742_Project_4/EN525.742_Project_4.srcs/sources_1/ip/fir_compiler_0/fir_compiler_0_ooc.xdc] for cell 'U0'
Finished Parsing XDC File [c:/Users/Zach/Documents/GradSchool/Fall_2019/EN525.742_SOC_Design_Lab/EN525.742_Project_4/EN525.742_Project_4.srcs/sources_1/ip/fir_compiler_0/fir_compiler_0_ooc.xdc] for cell 'U0'
Parsing XDC File [c:/Users/Zach/Documents/GradSchool/Fall_2019/EN525.742_SOC_Design_Lab/EN525.742_Project_4/EN525.742_Project_4.srcs/sources_1/ip/fir_compiler_0/constraints/fir_compiler_v7_2.xdc] for cell 'U0'
Finished Parsing XDC File [c:/Users/Zach/Documents/GradSchool/Fall_2019/EN525.742_SOC_Design_Lab/EN525.742_Project_4/EN525.742_Project_4.srcs/sources_1/ip/fir_compiler_0/constraints/fir_compiler_v7_2.xdc] for cell 'U0'
Parsing XDC File [C:/Users/Zach/Documents/GradSchool/Fall_2019/EN525.742_SOC_Design_Lab/EN525.742_Project_4/EN525.742_Project_4.runs/fir_compiler_0_synth_1/dont_touch.xdc]
Finished Parsing XDC File [C:/Users/Zach/Documents/GradSchool/Fall_2019/EN525.742_SOC_Design_Lab/EN525.742_Project_4/EN525.742_Project_4.runs/fir_compiler_0_synth_1/dont_touch.xdc]
Completed Processing XDC Constraints

INFO: [Project 1-111] Unisim Transformation Summary:
No Unisim elements were transformed.

Constraint Validation Runtime : Time (s): cpu = 00:00:01 ; elapsed = 00:00:00.623 . Memory (MB): peak = 1010.684 ; gain = 17.059
---------------------------------------------------------------------------------
Finished Constraint Validation : Time (s): cpu = 00:01:01 ; elapsed = 00:01:00 . Memory (MB): peak = 1010.684 ; gain = 689.309
---------------------------------------------------------------------------------
---------------------------------------------------------------------------------
Start Loading Part and Timing Information
---------------------------------------------------------------------------------
Loading part: xc7z020clg484-1
---------------------------------------------------------------------------------
Finished Loading Part and Timing Information : Time (s): cpu = 00:01:01 ; elapsed = 00:01:00 . Memory (MB): peak = 1010.684 ; gain = 689.309
---------------------------------------------------------------------------------
---------------------------------------------------------------------------------
Start Applying 'set_property' XDC Constraints
---------------------------------------------------------------------------------
Applied set_property DONT_TOUCH = true for U0. (constraint file  C:/Users/Zach/Documents/GradSchool/Fall_2019/EN525.742_SOC_Design_Lab/EN525.742_Project_4/EN525.742_Project_4.runs/fir_compiler_0_synth_1/dont_touch.xdc, line 9).
---------------------------------------------------------------------------------
Finished applying 'set_property' XDC Constraints : Time (s): cpu = 00:01:01 ; elapsed = 00:01:00 . Memory (MB): peak = 1010.684 ; gain = 689.309
---------------------------------------------------------------------------------
---------------------------------------------------------------------------------
Finished RTL Optimization Phase 2 : Time (s): cpu = 00:01:04 ; elapsed = 00:01:04 . Memory (MB): peak = 1010.684 ; gain = 689.309
---------------------------------------------------------------------------------
INFO: [Synth 8-223] decloning instance 'U0/i_synth/g_single_rate.i_single_rate/g_parallel.g_cntrl[0].g_sym_cntrl.i_delay' (cntrl_delay) to 'U0/i_synth/g_single_rate.i_single_rate/g_parallel.g_cntrl[1].g_sym_cntrl.i_delay'

Report RTL Partitions: 
+-+--------------+------------+----------+
| |RTL Partition |Replication |Instances |
+-+--------------+------------+----------+
+-+--------------+------------+----------+
---------------------------------------------------------------------------------
Start RTL Component Statistics 
---------------------------------------------------------------------------------
---------------------------------------------------------------------------------
Finished RTL Component Statistics 
---------------------------------------------------------------------------------
---------------------------------------------------------------------------------
Start RTL Hierarchical Component Statistics 
---------------------------------------------------------------------------------
---------------------------------------------------------------------------------
Finished RTL Hierarchical Component Statistics
---------------------------------------------------------------------------------
---------------------------------------------------------------------------------
Start Part Resource Summary
---------------------------------------------------------------------------------
Part Resources:
DSPs: 220 (col length:60)
BRAMs: 280 (col length: RAMB18 60 RAMB36 30)
---------------------------------------------------------------------------------
Finished Part Resource Summary
---------------------------------------------------------------------------------
---------------------------------------------------------------------------------
Start Cross Boundary and Area Optimization
---------------------------------------------------------------------------------
INFO: [Synth 8-3332] Sequential element (g_single_rate.i_single_rate/g_parallel.g_cntrl[63].g_sym_cntrl.g_reg.cntrl_reg[63][1]) is unused and will be removed from module fir_compiler_v7_2_10_viv.
INFO: [Synth 8-3332] Sequential element (g_single_rate.i_single_rate/g_parallel.g_cntrl[62].g_sym_cntrl.g_reg.cntrl_reg[62][1]) is unused and will be removed from module fir_compiler_v7_2_10_viv.
INFO: [Synth 8-3332] Sequential element (g_single_rate.i_single_rate/g_parallel.g_cntrl[61].g_sym_cntrl.g_reg.cntrl_reg[61][1]) is unused and will be removed from module fir_compiler_v7_2_10_viv.
INFO: [Synth 8-3332] Sequential element (g_single_rate.i_single_rate/g_parallel.g_cntrl[60].g_sym_cntrl.g_reg.cntrl_reg[60][1]) is unused and will be removed from module fir_compiler_v7_2_10_viv.
INFO: [Synth 8-3332] Sequential element (g_single_rate.i_single_rate/g_parallel.g_cntrl[59].g_sym_cntrl.g_reg.cntrl_reg[59][1]) is unused and will be removed from module fir_compiler_v7_2_10_viv.
INFO: [Synth 8-3332] Sequential element (g_single_rate.i_single_rate/g_parallel.g_cntrl[58].g_sym_cntrl.g_reg.cntrl_reg[58][1]) is unused and will be removed from module fir_compiler_v7_2_10_viv.
INFO: [Synth 8-3332] Sequential element (g_single_rate.i_single_rate/g_parallel.g_cntrl[57].g_sym_cntrl.g_reg.cntrl_reg[57][1]) is unused and will be removed from module fir_compiler_v7_2_10_viv.
INFO: [Synth 8-3332] Sequential element (g_single_rate.i_single_rate/g_parallel.g_cntrl[56].g_sym_cntrl.g_reg.cntrl_reg[56][1]) is unused and will be removed from module fir_compiler_v7_2_10_viv.
INFO: [Synth 8-3332] Sequential element (g_single_rate.i_single_rate/g_parallel.g_cntrl[55].g_sym_cntrl.g_reg.cntrl_reg[55][1]) is unused and will be removed from module fir_compiler_v7_2_10_viv.
INFO: [Synth 8-3332] Sequential element (g_single_rate.i_single_rate/g_parallel.g_cntrl[54].g_sym_cntrl.g_reg.cntrl_reg[54][1]) is unused and will be removed from module fir_compiler_v7_2_10_viv.
INFO: [Synth 8-3332] Sequential element (g_single_rate.i_single_rate/g_parallel.g_cntrl[53].g_sym_cntrl.g_reg.cntrl_reg[53][1]) is unused and will be removed from module fir_compiler_v7_2_10_viv.
INFO: [Synth 8-3332] Sequential element (g_single_rate.i_single_rate/g_parallel.g_cntrl[52].g_sym_cntrl.g_reg.cntrl_reg[52][1]) is unused and will be removed from module fir_compiler_v7_2_10_viv.
INFO: [Synth 8-3332] Sequential element (g_single_rate.i_single_rate/g_parallel.g_cntrl[51].g_sym_cntrl.g_reg.cntrl_reg[51][1]) is unused and will be removed from module fir_compiler_v7_2_10_viv.
INFO: [Synth 8-3332] Sequential element (g_single_rate.i_single_rate/g_parallel.g_cntrl[50].g_sym_cntrl.g_reg.cntrl_reg[50][1]) is unused and will be removed from module fir_compiler_v7_2_10_viv.
INFO: [Synth 8-3332] Sequential element (g_single_rate.i_single_rate/g_parallel.g_cntrl[49].g_sym_cntrl.g_reg.cntrl_reg[49][1]) is unused and will be removed from module fir_compiler_v7_2_10_viv.
INFO: [Synth 8-3332] Sequential element (g_single_rate.i_single_rate/g_parallel.g_cntrl[48].g_sym_cntrl.g_reg.cntrl_reg[48][1]) is unused and will be removed from module fir_compiler_v7_2_10_viv.
INFO: [Synth 8-3332] Sequential element (g_single_rate.i_single_rate/g_parallel.g_cntrl[47].g_sym_cntrl.g_reg.cntrl_reg[47][1]) is unused and will be removed from module fir_compiler_v7_2_10_viv.
INFO: [Synth 8-3332] Sequential element (g_single_rate.i_single_rate/g_parallel.g_cntrl[46].g_sym_cntrl.g_reg.cntrl_reg[46][1]) is unused and will be removed from module fir_compiler_v7_2_10_viv.
INFO: [Synth 8-3332] Sequential element (g_single_rate.i_single_rate/g_parallel.g_cntrl[45].g_sym_cntrl.g_reg.cntrl_reg[45][1]) is unused and will be removed from module fir_compiler_v7_2_10_viv.
INFO: [Synth 8-3332] Sequential element (g_single_rate.i_single_rate/g_parallel.g_cntrl[44].g_sym_cntrl.g_reg.cntrl_reg[44][1]) is unused and will be removed from module fir_compiler_v7_2_10_viv.
INFO: [Synth 8-3332] Sequential element (g_single_rate.i_single_rate/g_parallel.g_cntrl[43].g_sym_cntrl.g_reg.cntrl_reg[43][1]) is unused and will be removed from module fir_compiler_v7_2_10_viv.
INFO: [Synth 8-3332] Sequential element (g_single_rate.i_single_rate/g_parallel.g_cntrl[42].g_sym_cntrl.g_reg.cntrl_reg[42][1]) is unused and will be removed from module fir_compiler_v7_2_10_viv.
INFO: [Synth 8-3332] Sequential element (g_single_rate.i_single_rate/g_parallel.g_cntrl[41].g_sym_cntrl.g_reg.cntrl_reg[41][1]) is unused and will be removed from module fir_compiler_v7_2_10_viv.
INFO: [Synth 8-3332] Sequential element (g_single_rate.i_single_rate/g_parallel.g_cntrl[40].g_sym_cntrl.g_reg.cntrl_reg[40][1]) is unused and will be removed from module fir_compiler_v7_2_10_viv.
INFO: [Synth 8-3332] Sequential element (g_single_rate.i_single_rate/g_parallel.g_cntrl[39].g_sym_cntrl.g_reg.cntrl_reg[39][1]) is unused and will be removed from module fir_compiler_v7_2_10_viv.
INFO: [Synth 8-3332] Sequential element (g_single_rate.i_single_rate/g_parallel.g_cntrl[38].g_sym_cntrl.g_reg.cntrl_reg[38][1]) is unused and will be removed from module fir_compiler_v7_2_10_viv.
INFO: [Synth 8-3332] Sequential element (g_single_rate.i_single_rate/g_parallel.g_cntrl[37].g_sym_cntrl.g_reg.cntrl_reg[37][1]) is unused and will be removed from module fir_compiler_v7_2_10_viv.
INFO: [Synth 8-3332] Sequential element (g_single_rate.i_single_rate/g_parallel.g_cntrl[36].g_sym_cntrl.g_reg.cntrl_reg[36][1]) is unused and will be removed from module fir_compiler_v7_2_10_viv.
INFO: [Synth 8-3332] Sequential element (g_single_rate.i_single_rate/g_parallel.g_cntrl[35].g_sym_cntrl.g_reg.cntrl_reg[35][1]) is unused and will be removed from module fir_compiler_v7_2_10_viv.
INFO: [Synth 8-3332] Sequential element (g_single_rate.i_single_rate/g_parallel.g_cntrl[34].g_sym_cntrl.g_reg.cntrl_reg[34][1]) is unused and will be removed from module fir_compiler_v7_2_10_viv.
INFO: [Synth 8-3332] Sequential element (g_single_rate.i_single_rate/g_parallel.g_cntrl[33].g_sym_cntrl.g_reg.cntrl_reg[33][1]) is unused and will be removed from module fir_compiler_v7_2_10_viv.
INFO: [Synth 8-3332] Sequential element (g_single_rate.i_single_rate/g_parallel.g_cntrl[32].g_sym_cntrl.g_reg.cntrl_reg[32][1]) is unused and will be removed from module fir_compiler_v7_2_10_viv.
INFO: [Synth 8-3332] Sequential element (g_single_rate.i_single_rate/g_parallel.g_cntrl[31].g_sym_cntrl.g_reg.cntrl_reg[31][1]) is unused and will be removed from module fir_compiler_v7_2_10_viv.
INFO: [Synth 8-3332] Sequential element (g_single_rate.i_single_rate/g_parallel.g_cntrl[30].g_sym_cntrl.g_reg.cntrl_reg[30][1]) is unused and will be removed from module fir_compiler_v7_2_10_viv.
INFO: [Synth 8-3332] Sequential element (g_single_rate.i_single_rate/g_parallel.g_cntrl[29].g_sym_cntrl.g_reg.cntrl_reg[29][1]) is unused and will be removed from module fir_compiler_v7_2_10_viv.
INFO: [Synth 8-3332] Sequential element (g_single_rate.i_single_rate/g_parallel.g_cntrl[28].g_sym_cntrl.g_reg.cntrl_reg[28][1]) is unused and will be removed from module fir_compiler_v7_2_10_viv.
INFO: [Synth 8-3332] Sequential element (g_single_rate.i_single_rate/g_parallel.g_cntrl[27].g_sym_cntrl.g_reg.cntrl_reg[27][1]) is unused and will be removed from module fir_compiler_v7_2_10_viv.
INFO: [Synth 8-3332] Sequential element (g_single_rate.i_single_rate/g_parallel.g_cntrl[26].g_sym_cntrl.g_reg.cntrl_reg[26][1]) is unused and will be removed from module fir_compiler_v7_2_10_viv.
INFO: [Synth 8-3332] Sequential element (g_single_rate.i_single_rate/g_parallel.g_cntrl[25].g_sym_cntrl.g_reg.cntrl_reg[25][1]) is unused and will be removed from module fir_compiler_v7_2_10_viv.
INFO: [Synth 8-3332] Sequential element (g_single_rate.i_single_rate/g_parallel.g_cntrl[24].g_sym_cntrl.g_reg.cntrl_reg[24][1]) is unused and will be removed from module fir_compiler_v7_2_10_viv.
INFO: [Synth 8-3332] Sequential element (g_single_rate.i_single_rate/g_parallel.g_cntrl[23].g_sym_cntrl.g_reg.cntrl_reg[23][1]) is unused and will be removed from module fir_compiler_v7_2_10_viv.
INFO: [Synth 8-3332] Sequential element (g_single_rate.i_single_rate/g_parallel.g_cntrl[22].g_sym_cntrl.g_reg.cntrl_reg[22][1]) is unused and will be removed from module fir_compiler_v7_2_10_viv.
INFO: [Synth 8-3332] Sequential element (g_single_rate.i_single_rate/g_parallel.g_cntrl[21].g_sym_cntrl.g_reg.cntrl_reg[21][1]) is unused and will be removed from module fir_compiler_v7_2_10_viv.
INFO: [Synth 8-3332] Sequential element (g_single_rate.i_single_rate/g_parallel.g_cntrl[20].g_sym_cntrl.g_reg.cntrl_reg[20][1]) is unused and will be removed from module fir_compiler_v7_2_10_viv.
INFO: [Synth 8-3332] Sequential element (g_single_rate.i_single_rate/g_parallel.g_cntrl[19].g_sym_cntrl.g_reg.cntrl_reg[19][1]) is unused and will be removed from module fir_compiler_v7_2_10_viv.
INFO: [Synth 8-3332] Sequential element (g_single_rate.i_single_rate/g_parallel.g_cntrl[18].g_sym_cntrl.g_reg.cntrl_reg[18][1]) is unused and will be removed from module fir_compiler_v7_2_10_viv.
INFO: [Synth 8-3332] Sequential element (g_single_rate.i_single_rate/g_parallel.g_cntrl[17].g_sym_cntrl.g_reg.cntrl_reg[17][1]) is unused and will be removed from module fir_compiler_v7_2_10_viv.
INFO: [Synth 8-3332] Sequential element (g_single_rate.i_single_rate/g_parallel.g_cntrl[16].g_sym_cntrl.g_reg.cntrl_reg[16][1]) is unused and will be removed from module fir_compiler_v7_2_10_viv.
INFO: [Synth 8-3332] Sequential element (g_single_rate.i_single_rate/g_parallel.g_cntrl[15].g_sym_cntrl.g_reg.cntrl_reg[15][1]) is unused and will be removed from module fir_compiler_v7_2_10_viv.
INFO: [Synth 8-3332] Sequential element (g_single_rate.i_single_rate/g_parallel.g_cntrl[14].g_sym_cntrl.g_reg.cntrl_reg[14][1]) is unused and will be removed from module fir_compiler_v7_2_10_viv.
INFO: [Synth 8-3332] Sequential element (g_single_rate.i_single_rate/g_parallel.g_cntrl[13].g_sym_cntrl.g_reg.cntrl_reg[13][1]) is unused and will be removed from module fir_compiler_v7_2_10_viv.
INFO: [Synth 8-3332] Sequential element (g_single_rate.i_single_rate/g_parallel.g_cntrl[12].g_sym_cntrl.g_reg.cntrl_reg[12][1]) is unused and will be removed from module fir_compiler_v7_2_10_viv.
INFO: [Synth 8-3332] Sequential element (g_single_rate.i_single_rate/g_parallel.g_cntrl[11].g_sym_cntrl.g_reg.cntrl_reg[11][1]) is unused and will be removed from module fir_compiler_v7_2_10_viv.
INFO: [Synth 8-3332] Sequential element (g_single_rate.i_single_rate/g_parallel.g_cntrl[10].g_sym_cntrl.g_reg.cntrl_reg[10][1]) is unused and will be removed from module fir_compiler_v7_2_10_viv.
INFO: [Synth 8-3332] Sequential element (g_single_rate.i_single_rate/g_parallel.g_cntrl[9].g_sym_cntrl.g_reg.cntrl_reg[9][1]) is unused and will be removed from module fir_compiler_v7_2_10_viv.
INFO: [Synth 8-3332] Sequential element (g_single_rate.i_single_rate/g_parallel.g_cntrl[8].g_sym_cntrl.g_reg.cntrl_reg[8][1]) is unused and will be removed from module fir_compiler_v7_2_10_viv.
INFO: [Synth 8-3332] Sequential element (g_single_rate.i_single_rate/g_parallel.g_cntrl[7].g_sym_cntrl.g_reg.cntrl_reg[7][1]) is unused and will be removed from module fir_compiler_v7_2_10_viv.
INFO: [Synth 8-3332] Sequential element (g_single_rate.i_single_rate/g_parallel.g_cntrl[6].g_sym_cntrl.g_reg.cntrl_reg[6][1]) is unused and will be removed from module fir_compiler_v7_2_10_viv.
INFO: [Synth 8-3332] Sequential element (g_single_rate.i_single_rate/g_parallel.g_cntrl[5].g_sym_cntrl.g_reg.cntrl_reg[5][1]) is unused and will be removed from module fir_compiler_v7_2_10_viv.
INFO: [Synth 8-3332] Sequential element (g_single_rate.i_single_rate/g_parallel.g_cntrl[4].g_sym_cntrl.g_reg.cntrl_reg[4][1]) is unused and will be removed from module fir_compiler_v7_2_10_viv.
INFO: [Synth 8-3332] Sequential element (g_single_rate.i_single_rate/g_parallel.g_cntrl[3].g_sym_cntrl.g_reg.cntrl_reg[3][1]) is unused and will be removed from module fir_compiler_v7_2_10_viv.
INFO: [Synth 8-3332] Sequential element (g_single_rate.i_single_rate/g_parallel.g_cntrl[2].g_sym_cntrl.g_reg.cntrl_reg[2][1]) is unused and will be removed from module fir_compiler_v7_2_10_viv.
INFO: [Synth 8-3332] Sequential element (g_single_rate.i_single_rate/g_parallel.g_cntrl[1].g_sym_cntrl.g_reg.cntrl_reg[1][1]) is unused and will be removed from module fir_compiler_v7_2_10_viv.
INFO: [Synth 8-3332] Sequential element (g_single_rate.i_single_rate/g_parallel.g_cntrl[64].g_sym_cntrl.g_reg.cntrl_reg[64][6]) is unused and will be removed from module fir_compiler_v7_2_10_viv.
INFO: [Synth 8-3332] Sequential element (g_single_rate.i_single_rate/g_parallel.g_cntrl[64].g_sym_cntrl.g_reg.cntrl_reg[64][1]) is unused and will be removed from module fir_compiler_v7_2_10_viv.
INFO: [Synth 8-3332] Sequential element (g_single_rate.i_single_rate/g_parallel.flush_sym_data_reg) is unused and will be removed from module fir_compiler_v7_2_10_viv.
INFO: [Synth 8-3332] Sequential element (g_single_rate.i_single_rate/g_parallel.i_cntrl_sym_buff_sclr/gen_reg.d_reg_reg[0]) is unused and will be removed from module fir_compiler_v7_2_10_viv.
INFO: [Synth 8-3332] Sequential element (g_single_rate.i_single_rate/g_parallel.flush_data_reg) is unused and will be removed from module fir_compiler_v7_2_10_viv.
INFO: [Synth 8-3332] Sequential element (g_single_rate.i_single_rate/g_parallel.i_cntrl_buff_sclr/gen_reg.d_reg_reg[0]) is unused and will be removed from module fir_compiler_v7_2_10_viv.
INFO: [Synth 8-3332] Sequential element (g_single_rate.i_single_rate/g_parallel.g_cntrl[20].g_sym_cntrl.i_delay/g_delay.cntrl_delay_reg[0][5]) is unused and will be removed from module fir_compiler_v7_2_10_viv.
INFO: [Synth 8-3332] Sequential element (g_single_rate.i_single_rate/g_parallel.g_cntrl[20].g_sym_cntrl.i_delay/g_delay.cntrl_delay_reg[0][4]) is unused and will be removed from module fir_compiler_v7_2_10_viv.
INFO: [Synth 8-3332] Sequential element (g_single_rate.i_single_rate/g_parallel.g_cntrl[20].g_sym_cntrl.i_delay/g_delay.cntrl_delay_reg[0][3]) is unused and will be removed from module fir_compiler_v7_2_10_viv.
INFO: [Synth 8-3332] Sequential element (g_single_rate.i_single_rate/g_parallel.g_cntrl[20].g_sym_cntrl.i_delay/g_delay.cntrl_delay_reg[0][2]) is unused and will be removed from module fir_compiler_v7_2_10_viv.
INFO: [Synth 8-3332] Sequential element (g_single_rate.i_single_rate/g_parallel.g_cntrl[20].g_sym_cntrl.i_delay/g_delay.cntrl_delay_reg[0][1]) is unused and will be removed from module fir_compiler_v7_2_10_viv.
INFO: [Synth 8-3332] Sequential element (g_single_rate.i_single_rate/g_parallel.g_cntrl[20].g_sym_cntrl.i_delay/g_delay.cntrl_delay_reg[1][5]) is unused and will be removed from module fir_compiler_v7_2_10_viv.
INFO: [Synth 8-3332] Sequential element (g_single_rate.i_single_rate/g_parallel.g_cntrl[20].g_sym_cntrl.i_delay/g_delay.cntrl_delay_reg[1][4]) is unused and will be removed from module fir_compiler_v7_2_10_viv.
INFO: [Synth 8-3332] Sequential element (g_single_rate.i_single_rate/g_parallel.g_cntrl[20].g_sym_cntrl.i_delay/g_delay.cntrl_delay_reg[1][3]) is unused and will be removed from module fir_compiler_v7_2_10_viv.
INFO: [Synth 8-3332] Sequential element (g_single_rate.i_single_rate/g_parallel.g_cntrl[20].g_sym_cntrl.i_delay/g_delay.cntrl_delay_reg[1][2]) is unused and will be removed from module fir_compiler_v7_2_10_viv.
INFO: [Synth 8-3332] Sequential element (g_single_rate.i_single_rate/g_parallel.g_cntrl[20].g_sym_cntrl.i_delay/g_delay.cntrl_delay_reg[1][1]) is unused and will be removed from module fir_compiler_v7_2_10_viv.
INFO: [Synth 8-3332] Sequential element (g_single_rate.i_single_rate/g_parallel.g_cntrl[20].g_sym_cntrl.i_delay/g_delay.cntrl_delay_reg[2][5]) is unused and will be removed from module fir_compiler_v7_2_10_viv.
INFO: [Synth 8-3332] Sequential element (g_single_rate.i_single_rate/g_parallel.g_cntrl[20].g_sym_cntrl.i_delay/g_delay.cntrl_delay_reg[2][4]) is unused and will be removed from module fir_compiler_v7_2_10_viv.
INFO: [Synth 8-3332] Sequential element (g_single_rate.i_single_rate/g_parallel.g_cntrl[20].g_sym_cntrl.i_delay/g_delay.cntrl_delay_reg[2][3]) is unused and will be removed from module fir_compiler_v7_2_10_viv.
INFO: [Synth 8-3332] Sequential element (g_single_rate.i_single_rate/g_parallel.g_cntrl[20].g_sym_cntrl.i_delay/g_delay.cntrl_delay_reg[2][2]) is unused and will be removed from module fir_compiler_v7_2_10_viv.
INFO: [Synth 8-3332] Sequential element (g_single_rate.i_single_rate/g_parallel.g_cntrl[20].g_sym_cntrl.i_delay/g_delay.cntrl_delay_reg[2][1]) is unused and will be removed from module fir_compiler_v7_2_10_viv.
INFO: [Synth 8-3332] Sequential element (g_single_rate.i_single_rate/g_parallel.g_cntrl[20].g_sym_cntrl.i_delay/g_delay.cntrl_delay_reg[3][5]) is unused and will be removed from module fir_compiler_v7_2_10_viv.
INFO: [Synth 8-3332] Sequential element (g_single_rate.i_single_rate/g_parallel.g_cntrl[20].g_sym_cntrl.i_delay/g_delay.cntrl_delay_reg[3][4]) is unused and will be removed from module fir_compiler_v7_2_10_viv.
INFO: [Synth 8-3332] Sequential element (g_single_rate.i_single_rate/g_parallel.g_cntrl[20].g_sym_cntrl.i_delay/g_delay.cntrl_delay_reg[3][3]) is unused and will be removed from module fir_compiler_v7_2_10_viv.
INFO: [Synth 8-3332] Sequential element (g_single_rate.i_single_rate/g_parallel.g_cntrl[20].g_sym_cntrl.i_delay/g_delay.cntrl_delay_reg[3][2]) is unused and will be removed from module fir_compiler_v7_2_10_viv.
INFO: [Synth 8-3332] Sequential element (g_single_rate.i_single_rate/g_parallel.g_cntrl[20].g_sym_cntrl.i_delay/g_delay.cntrl_delay_reg[3][1]) is unused and will be removed from module fir_compiler_v7_2_10_viv.
INFO: [Synth 8-3332] Sequential element (g_single_rate.i_single_rate/g_parallel.g_cntrl[40].g_sym_cntrl.i_delay/g_delay.cntrl_delay_reg[0][5]) is unused and will be removed from module fir_compiler_v7_2_10_viv.
INFO: [Synth 8-3332] Sequential element (g_single_rate.i_single_rate/g_parallel.g_cntrl[40].g_sym_cntrl.i_delay/g_delay.cntrl_delay_reg[0][4]) is unused and will be removed from module fir_compiler_v7_2_10_viv.
INFO: [Synth 8-3332] Sequential element (g_single_rate.i_single_rate/g_parallel.g_cntrl[40].g_sym_cntrl.i_delay/g_delay.cntrl_delay_reg[0][3]) is unused and will be removed from module fir_compiler_v7_2_10_viv.
INFO: [Synth 8-3332] Sequential element (g_single_rate.i_single_rate/g_parallel.g_cntrl[40].g_sym_cntrl.i_delay/g_delay.cntrl_delay_reg[0][2]) is unused and will be removed from module fir_compiler_v7_2_10_viv.
INFO: [Synth 8-3332] Sequential element (g_single_rate.i_single_rate/g_parallel.g_cntrl[40].g_sym_cntrl.i_delay/g_delay.cntrl_delay_reg[0][1]) is unused and will be removed from module fir_compiler_v7_2_10_viv.
INFO: [Synth 8-3332] Sequential element (g_single_rate.i_single_rate/g_parallel.g_cntrl[40].g_sym_cntrl.i_delay/g_delay.cntrl_delay_reg[1][5]) is unused and will be removed from module fir_compiler_v7_2_10_viv.
INFO: [Synth 8-3332] Sequential element (g_single_rate.i_single_rate/g_parallel.g_cntrl[40].g_sym_cntrl.i_delay/g_delay.cntrl_delay_reg[1][4]) is unused and will be removed from module fir_compiler_v7_2_10_viv.
INFO: [Synth 8-3332] Sequential element (g_single_rate.i_single_rate/g_parallel.g_cntrl[40].g_sym_cntrl.i_delay/g_delay.cntrl_delay_reg[1][3]) is unused and will be removed from module fir_compiler_v7_2_10_viv.
INFO: [Synth 8-3332] Sequential element (g_single_rate.i_single_rate/g_parallel.g_cntrl[40].g_sym_cntrl.i_delay/g_delay.cntrl_delay_reg[1][2]) is unused and will be removed from module fir_compiler_v7_2_10_viv.
INFO: [Synth 8-3332] Sequential element (g_single_rate.i_single_rate/g_parallel.g_cntrl[40].g_sym_cntrl.i_delay/g_delay.cntrl_delay_reg[1][1]) is unused and will be removed from module fir_compiler_v7_2_10_viv.
INFO: [Synth 8-3332] Sequential element (g_single_rate.i_single_rate/g_parallel.g_cntrl[40].g_sym_cntrl.i_delay/g_delay.cntrl_delay_reg[2][5]) is unused and will be removed from module fir_compiler_v7_2_10_viv.
INFO: [Common 17-14] Message 'Synth 8-3332' appears 100 times and further instances of the messages will be disabled. Use the Tcl command set_msg_config to change the current settings.
INFO: [Synth 8-3333] propagating constant 1 across sequential element (U0/i_synth/\g_single_rate.i_single_rate/g_parallel.rfd_int_reg )
INFO: [Synth 8-3333] propagating constant 0 across sequential element (U0/i_synth/\g_single_rate.i_single_rate/g_m_data_chan_no_fifo.m_axis_data_tlast_int_reg )
---------------------------------------------------------------------------------
Finished Cross Boundary and Area Optimization : Time (s): cpu = 00:01:15 ; elapsed = 00:01:15 . Memory (MB): peak = 1010.684 ; gain = 689.309
---------------------------------------------------------------------------------

Report RTL Partitions: 
+-+--------------+------------+----------+
| |RTL Partition |Replication |Instances |
+-+--------------+------------+----------+
+-+--------------+------------+----------+
---------------------------------------------------------------------------------
Start Applying XDC Timing Constraints
---------------------------------------------------------------------------------
---------------------------------------------------------------------------------
Finished Applying XDC Timing Constraints : Time (s): cpu = 00:01:28 ; elapsed = 00:01:28 . Memory (MB): peak = 1010.684 ; gain = 689.309
---------------------------------------------------------------------------------
---------------------------------------------------------------------------------
Start Timing Optimization
---------------------------------------------------------------------------------
---------------------------------------------------------------------------------
Finished Timing Optimization : Time (s): cpu = 00:01:32 ; elapsed = 00:01:32 . Memory (MB): peak = 1019.625 ; gain = 698.250
---------------------------------------------------------------------------------

Report RTL Partitions: 
+-+--------------+------------+----------+
| |RTL Partition |Replication |Instances |
+-+--------------+------------+----------+
+-+--------------+------------+----------+
---------------------------------------------------------------------------------
Start Technology Mapping
---------------------------------------------------------------------------------
---------------------------------------------------------------------------------
Finished Technology Mapping : Time (s): cpu = 00:02:06 ; elapsed = 00:02:06 . Memory (MB): peak = 1072.410 ; gain = 751.035
---------------------------------------------------------------------------------

Report RTL Partitions: 
+-+--------------+------------+----------+
| |RTL Partition |Replication |Instances |
+-+--------------+------------+----------+
+-+--------------+------------+----------+
---------------------------------------------------------------------------------
Start IO Insertion
---------------------------------------------------------------------------------
---------------------------------------------------------------------------------
Start Flattening Before IO Insertion
---------------------------------------------------------------------------------
---------------------------------------------------------------------------------
Finished Flattening Before IO Insertion
---------------------------------------------------------------------------------
---------------------------------------------------------------------------------
Start Final Netlist Cleanup
---------------------------------------------------------------------------------
---------------------------------------------------------------------------------
Finished Final Netlist Cleanup
---------------------------------------------------------------------------------
---------------------------------------------------------------------------------
Finished IO Insertion : Time (s): cpu = 00:02:07 ; elapsed = 00:02:07 . Memory (MB): peak = 1072.410 ; gain = 751.035
---------------------------------------------------------------------------------

Report Check Netlist: 
+------+------------------+-------+---------+-------+------------------+
|      |Item              |Errors |Warnings |Status |Description       |
+------+------------------+-------+---------+-------+------------------+
|1     |multi_driven_nets |      0|        0|Passed |Multi driven nets |
+------+------------------+-------+---------+-------+------------------+
---------------------------------------------------------------------------------
Start Renaming Generated Instances
---------------------------------------------------------------------------------
---------------------------------------------------------------------------------
Finished Renaming Generated Instances : Time (s): cpu = 00:02:07 ; elapsed = 00:02:07 . Memory (MB): peak = 1072.410 ; gain = 751.035
---------------------------------------------------------------------------------

Report RTL Partitions: 
+-+--------------+------------+----------+
| |RTL Partition |Replication |Instances |
+-+--------------+------------+----------+
+-+--------------+------------+----------+
---------------------------------------------------------------------------------
Start Rebuilding User Hierarchy
---------------------------------------------------------------------------------
---------------------------------------------------------------------------------
Finished Rebuilding User Hierarchy : Time (s): cpu = 00:02:08 ; elapsed = 00:02:08 . Memory (MB): peak = 1072.410 ; gain = 751.035
---------------------------------------------------------------------------------
---------------------------------------------------------------------------------
Start Renaming Generated Ports
---------------------------------------------------------------------------------
---------------------------------------------------------------------------------
Finished Renaming Generated Ports : Time (s): cpu = 00:02:08 ; elapsed = 00:02:08 . Memory (MB): peak = 1072.410 ; gain = 751.035
---------------------------------------------------------------------------------
---------------------------------------------------------------------------------
Start Handling Custom Attributes
---------------------------------------------------------------------------------
---------------------------------------------------------------------------------
Finished Handling Custom Attributes : Time (s): cpu = 00:02:08 ; elapsed = 00:02:08 . Memory (MB): peak = 1072.410 ; gain = 751.035
---------------------------------------------------------------------------------
---------------------------------------------------------------------------------
Start Renaming Generated Nets
---------------------------------------------------------------------------------
---------------------------------------------------------------------------------
Finished Renaming Generated Nets : Time (s): cpu = 00:02:08 ; elapsed = 00:02:08 . Memory (MB): peak = 1072.410 ; gain = 751.035
---------------------------------------------------------------------------------
---------------------------------------------------------------------------------
Start Writing Synthesis Report
---------------------------------------------------------------------------------

Report BlackBoxes: 
+-+--------------+----------+
| |BlackBox name |Instances |
+-+--------------+----------+
+-+--------------+----------+

Report Cell Usage: 
+------+--------+------+
|      |Cell    |Count |
+------+--------+------+
|1     |DSP48E1 |    65|
|2     |LUT2    |     1|
|3     |LUT3    |     1|
|4     |LUT4    |     4|
|5     |LUT5    |     1|
|6     |LUT6    |     3|
|7     |SRL16E  |  1424|
|8     |SRLC32E |  1427|
|9     |FDRE    |  3348|
+------+--------+------+
---------------------------------------------------------------------------------
Finished Writing Synthesis Report : Time (s): cpu = 00:02:08 ; elapsed = 00:02:08 . Memory (MB): peak = 1072.410 ; gain = 751.035
---------------------------------------------------------------------------------
Synthesis finished with 0 errors, 0 critical warnings and 1311 warnings.
Synthesis Optimization Runtime : Time (s): cpu = 00:01:12 ; elapsed = 00:01:43 . Memory (MB): peak = 1072.410 ; gain = 464.434
Synthesis Optimization Complete : Time (s): cpu = 00:02:08 ; elapsed = 00:02:08 . Memory (MB): peak = 1072.410 ; gain = 751.035
INFO: [Project 1-571] Translating synthesized netlist
INFO: [Netlist 29-17] Analyzing 65 Unisim elements for replacement
INFO: [Netlist 29-28] Unisim Transformation completed in 0 CPU seconds
INFO: [Project 1-570] Preparing netlist for logic optimization
INFO: [Opt 31-138] Pushed 0 inverter(s) to 0 load pin(s).
INFO: [Project 1-111] Unisim Transformation Summary:
No Unisim elements were transformed.

INFO: [Common 17-83] Releasing license: Synthesis
121 Infos, 100 Warnings, 0 Critical Warnings and 0 Errors encountered.
synth_design completed successfully
synth_design: Time (s): cpu = 00:02:13 ; elapsed = 00:02:13 . Memory (MB): peak = 1072.410 ; gain = 762.504
INFO: [Common 17-1381] The checkpoint 'C:/Users/Zach/Documents/GradSchool/Fall_2019/EN525.742_SOC_Design_Lab/EN525.742_Project_4/EN525.742_Project_4.runs/fir_compiler_0_synth_1/fir_compiler_0.dcp' has been generated.
